__elevenlabs_ui/apps/www/app/(app)/(root)/page.tsx(1,26): error TS2307: Cannot find module 'next' or its corresponding type declarations.
__elevenlabs_ui/apps/www/app/(app)/(root)/page.tsx(2,18): error TS2307: Cannot find module 'next/link' or its corresponding type declarations.
__elevenlabs_ui/apps/www/app/(app)/(root)/page.tsx(4,30): error TS2307: Cannot find module '@/components/announcement' or its corresponding type declarations.
__elevenlabs_ui/apps/www/app/(app)/(root)/page.tsx(5,27): error TS2307: Cannot find module '@/components/cards' or its corresponding type declarations.
__elevenlabs_ui/apps/www/app/(app)/(root)/page.tsx(6,29): error TS2307: Cannot find module '@/components/examples-nav' or its corresponding type declarations.
__elevenlabs_ui/apps/www/app/(app)/(root)/page.tsx(12,8): error TS2307: Cannot find module '@/components/page-header' or its corresponding type declarations.
__elevenlabs_ui/apps/www/app/(app)/(root)/page.tsx(13,25): error TS2307: Cannot find module '@/components/page-nav' or its corresponding type declarations.
__elevenlabs_ui/apps/www/app/(app)/(root)/page.tsx(14,31): error TS2307: Cannot find module '@/components/theme-selector' or its corresponding type declarations.
__elevenlabs_ui/apps/www/app/(app)/(root)/page.tsx(15,23): error TS2307: Cannot find module '@/registry/elevenlabs-ui/blocks/speaker-01/page' or its corresponding type declarations.
__elevenlabs_ui/apps/www/app/(app)/(root)/page.tsx(16,24): error TS2307: Cannot find module '@/registry/elevenlabs-ui/ui/button' or its corresponding type declarations.
__elevenlabs_ui/apps/www/app/(app)/blocks/[...categories]/page.tsx(1,32): error TS2307: Cannot find module '@/lib/blocks' or its corresponding type declarations.
__elevenlabs_ui/apps/www/app/(app)/blocks/[...categories]/page.tsx(2,30): error TS2307: Cannot find module '@/components/block-display' or its corresponding type declarations.
__elevenlabs_ui/apps/www/app/(app)/blocks/[...categories]/page.tsx(3,36): error TS2307: Cannot find module '@/registry/registry-categories' or its corresponding type declarations.
__elevenlabs_ui/apps/www/app/(app)/blocks/layout.tsx(1,26): error TS2307: Cannot find module 'next' or its corresponding type declarations.
__elevenlabs_ui/apps/www/app/(app)/blocks/layout.tsx(2,18): error TS2307: Cannot find module 'next/link' or its corresponding type declarations.
__elevenlabs_ui/apps/www/app/(app)/blocks/layout.tsx(4,27): error TS2307: Cannot find module '@/components/blocks-nav' or its corresponding type declarations.
__elevenlabs_ui/apps/www/app/(app)/blocks/layout.tsx(10,8): error TS2307: Cannot find module '@/components/page-header' or its corresponding type declarations.
__elevenlabs_ui/apps/www/app/(app)/blocks/layout.tsx(11,25): error TS2307: Cannot find module '@/components/page-nav' or its corresponding type declarations.
__elevenlabs_ui/apps/www/app/(app)/blocks/layout.tsx(12,24): error TS2307: Cannot find module '@/registry/elevenlabs-ui/ui/button' or its corresponding type declarations.
__elevenlabs_ui/apps/www/app/(app)/blocks/page.tsx(1,30): error TS2307: Cannot find module '@/components/block-display' or its corresponding type declarations.
__elevenlabs_ui/apps/www/app/(app)/docs/[[...slug]]/page.tsx(1,18): error TS2307: Cannot find module 'next/link' or its corresponding type declarations.
__elevenlabs_ui/apps/www/app/(app)/docs/[[...slug]]/page.tsx(2,26): error TS2307: Cannot find module 'next/navigation' or its corresponding type declarations.
__elevenlabs_ui/apps/www/app/(app)/docs/[[...slug]]/page.tsx(3,31): error TS2307: Cannot find module '@/mdx-components' or its corresponding type declarations.
__elevenlabs_ui/apps/www/app/(app)/docs/[[...slug]]/page.tsx(8,8): error TS2307: Cannot find module '@tabler/icons-react' or its corresponding type declarations.
__elevenlabs_ui/apps/www/app/(app)/docs/[[...slug]]/page.tsx(9,31): error TS2307: Cannot find module 'fumadocs-core/server' or its corresponding type declarations.
__elevenlabs_ui/apps/www/app/(app)/docs/[[...slug]]/page.tsx(11,24): error TS2307: Cannot find module '@/lib/source' or its corresponding type declarations.
__elevenlabs_ui/apps/www/app/(app)/docs/[[...slug]]/page.tsx(12,29): error TS2307: Cannot find module '@/lib/utils' or its corresponding type declarations.
__elevenlabs_ui/apps/www/app/(app)/docs/[[...slug]]/page.tsx(13,30): error TS2307: Cannot find module '@/components/docs-copy-page' or its corresponding type declarations.
__elevenlabs_ui/apps/www/app/(app)/docs/[[...slug]]/page.tsx(14,32): error TS2307: Cannot find module '@/components/docs-sidebar-cta' or its corresponding type declarations.
__elevenlabs_ui/apps/www/app/(app)/docs/[[...slug]]/page.tsx(15,37): error TS2307: Cannot find module '@/components/docs-toc' or its corresponding type declarations.
__elevenlabs_ui/apps/www/app/(app)/docs/[[...slug]]/page.tsx(16,23): error TS2307: Cannot find module '@/registry/elevenlabs-ui/ui/badge' or its corresponding type declarations.
__elevenlabs_ui/apps/www/app/(app)/docs/[[...slug]]/page.tsx(17,24): error TS2307: Cannot find module '@/registry/elevenlabs-ui/ui/button' or its corresponding type declarations.
__elevenlabs_ui/apps/www/app/(app)/docs/[[...slug]]/page.tsx(85,3): error TS2578: Unused '@ts-expect-error' directive.
__elevenlabs_ui/apps/www/app/(app)/docs/[[...slug]]/page.tsx(89,3): error TS2578: Unused '@ts-expect-error' directive.
__elevenlabs_ui/apps/www/app/(app)/docs/[[...slug]]/page.tsx(108,21): error TS2578: Unused '@ts-expect-error' directive.
__elevenlabs_ui/apps/www/app/(app)/docs/[[...slug]]/page.tsx(198,10): error TS2578: Unused '@ts-expect-error' directive.
__elevenlabs_ui/apps/www/app/(app)/docs/[[...slug]]/page.tsx(201,14): error TS2578: Unused '@ts-expect-error' directive.
__elevenlabs_ui/apps/www/app/(app)/docs/layout.tsx(1,24): error TS2307: Cannot find module '@/lib/source' or its corresponding type declarations.
__elevenlabs_ui/apps/www/app/(app)/docs/layout.tsx(2,29): error TS2307: Cannot find module '@/components/docs-sidebar' or its corresponding type declarations.
__elevenlabs_ui/apps/www/app/(app)/docs/layout.tsx(3,33): error TS2307: Cannot find module '@/registry/elevenlabs-ui/ui/sidebar' or its corresponding type declarations.
__elevenlabs_ui/apps/www/app/(app)/layout.tsx(1,28): error TS2307: Cannot find module '@/components/site-footer' or its corresponding type declarations.
__elevenlabs_ui/apps/www/app/(app)/layout.tsx(2,28): error TS2307: Cannot find module '@/components/site-header' or its corresponding type declarations.
__elevenlabs_ui/apps/www/app/(app)/llm/[[...slug]]/route.ts(1,26): error TS2307: Cannot find module 'next/navigation' or its corresponding type declarations.
__elevenlabs_ui/apps/www/app/(app)/llm/[[...slug]]/route.ts(2,48): error TS2307: Cannot find module 'next/server' or its corresponding type declarations.
__elevenlabs_ui/apps/www/app/(app)/llm/[[...slug]]/route.ts(4,24): error TS2307: Cannot find module '@/lib/source' or its corresponding type declarations.
__elevenlabs_ui/apps/www/app/(app)/llm/[[...slug]]/route.ts(19,3): error TS2578: Unused '@ts-expect-error' directive.
__elevenlabs_ui/apps/www/app/(app)/radio/components/radio-speaker.tsx(7,20): error TS2307: Cannot find module '@/registry/elevenlabs-ui/lib/utils' or its corresponding type declarations.
__elevenlabs_ui/apps/www/app/(app)/radio/components/radio-speaker.tsx(12,8): error TS2307: Cannot find module '@/registry/elevenlabs-ui/ui/audio-player' or its corresponding type declarations.
__elevenlabs_ui/apps/www/app/(app)/radio/components/radio-speaker.tsx(13,22): error TS2307: Cannot find module '@/registry/elevenlabs-ui/ui/card' or its corresponding type declarations.
__elevenlabs_ui/apps/www/app/(app)/radio/components/radio-speaker.tsx(14,21): error TS2307: Cannot find module '@/registry/elevenlabs-ui/ui/orb' or its corresponding type declarations.
__elevenlabs_ui/apps/www/app/(app)/radio/components/radio-speaker.tsx(15,32): error TS2307: Cannot find module '@/registry/elevenlabs-ui/ui/shimmering-text' or its corresponding type declarations.
__elevenlabs_ui/apps/www/app/(app)/radio/page.tsx(1,26): error TS2307: Cannot find module 'next' or its corresponding type declarations.
__elevenlabs_ui/apps/www/app/(view)/view/[name]/page.tsx(2,26): error TS2307: Cannot find module 'next' or its corresponding type declarations.
__elevenlabs_ui/apps/www/app/(view)/view/[name]/page.tsx(3,26): error TS2307: Cannot find module 'next/navigation' or its corresponding type declarations.
__elevenlabs_ui/apps/www/app/(view)/view/[name]/page.tsx(4,36): error TS2307: Cannot find module 'shadcn/schema' or its corresponding type declarations.
__elevenlabs_ui/apps/www/app/(view)/view/[name]/page.tsx(5,19): error TS2307: Cannot find module 'zod' or its corresponding type declarations.
__elevenlabs_ui/apps/www/app/(view)/view/[name]/page.tsx(7,28): error TS2307: Cannot find module '@/lib/config' or its corresponding type declarations.
__elevenlabs_ui/apps/www/app/(view)/view/[name]/page.tsx(8,55): error TS2307: Cannot find module '@/lib/registry' or its corresponding type declarations.
__elevenlabs_ui/apps/www/app/(view)/view/[name]/page.tsx(9,33): error TS2307: Cannot find module '@/lib/utils' or its corresponding type declarations.
__elevenlabs_ui/apps/www/app/(view)/view/[name]/page.tsx(64,34): error TS2307: Cannot find module '@/registry/__index__' or its corresponding type declarations.
__elevenlabs_ui/apps/www/app/(view)/view/[name]/page.tsx(74,24): error TS2339: Property 'type' does not exist on type 'unknown'.
__elevenlabs_ui/apps/www/app/(view)/view/[name]/page.tsx(77,19): error TS2339: Property 'name' does not exist on type 'unknown'.
__elevenlabs_ui/apps/www/app/layout.tsx(1,31): error TS2307: Cannot find module 'next' or its corresponding type declarations.
__elevenlabs_ui/apps/www/app/layout.tsx(3,47): error TS2307: Cannot find module '@/lib/config' or its corresponding type declarations.
__elevenlabs_ui/apps/www/app/layout.tsx(4,31): error TS2307: Cannot find module '@/lib/fonts' or its corresponding type declarations.
__elevenlabs_ui/apps/www/app/layout.tsx(5,20): error TS2307: Cannot find module '@/lib/utils' or its corresponding type declarations.
__elevenlabs_ui/apps/www/app/layout.tsx(6,32): error TS2307: Cannot find module '@/hooks/use-layout' or its corresponding type declarations.
__elevenlabs_ui/apps/www/app/layout.tsx(7,37): error TS2307: Cannot find module '@/components/active-theme' or its corresponding type declarations.
__elevenlabs_ui/apps/www/app/layout.tsx(8,27): error TS2307: Cannot find module '@/components/analytics' or its corresponding type declarations.
__elevenlabs_ui/apps/www/app/layout.tsx(9,35): error TS2307: Cannot find module '@/components/tailwind-indicator' or its corresponding type declarations.
__elevenlabs_ui/apps/www/app/layout.tsx(10,31): error TS2307: Cannot find module '@/components/theme-provider' or its corresponding type declarations.
__elevenlabs_ui/apps/www/app/layout.tsx(11,25): error TS2307: Cannot find module '@/registry/elevenlabs-ui/ui/sonner' or its corresponding type declarations.
__elevenlabs_ui/apps/www/app/og/route.tsx(1,31): error TS2307: Cannot find module 'next/og' or its corresponding type declarations.
__elevenlabs_ui/apps/www/app/og/route.tsx(48,9): error TS2322: Type '{ children: Element[]; tw: string; style: { fontFamily: "Geist Sans"; }; }' is not assignable to type 'DetailedHTMLProps<HTMLAttributes<HTMLDivElement>, HTMLDivElement>'.
  Property 'tw' does not exist on type 'DetailedHTMLProps<HTMLAttributes<HTMLDivElement>, HTMLDivElement>'.
__elevenlabs_ui/apps/www/app/og/route.tsx(51,14): error TS2322: Type '{ tw: string; }' is not assignable to type 'DetailedHTMLProps<HTMLAttributes<HTMLDivElement>, HTMLDivElement>'.
  Property 'tw' does not exist on type 'DetailedHTMLProps<HTMLAttributes<HTMLDivElement>, HTMLDivElement>'.
__elevenlabs_ui/apps/www/app/og/route.tsx(52,14): error TS2322: Type '{ tw: string; }' is not assignable to type 'DetailedHTMLProps<HTMLAttributes<HTMLDivElement>, HTMLDivElement>'.
  Property 'tw' does not exist on type 'DetailedHTMLProps<HTMLAttributes<HTMLDivElement>, HTMLDivElement>'.
__elevenlabs_ui/apps/www/app/og/route.tsx(53,14): error TS2322: Type '{ tw: string; }' is not assignable to type 'DetailedHTMLProps<HTMLAttributes<HTMLDivElement>, HTMLDivElement>'.
  Property 'tw' does not exist on type 'DetailedHTMLProps<HTMLAttributes<HTMLDivElement>, HTMLDivElement>'.
__elevenlabs_ui/apps/www/app/og/route.tsx(54,14): error TS2322: Type '{ tw: string; }' is not assignable to type 'DetailedHTMLProps<HTMLAttributes<HTMLDivElement>, HTMLDivElement>'.
  Property 'tw' does not exist on type 'DetailedHTMLProps<HTMLAttributes<HTMLDivElement>, HTMLDivElement>'.
__elevenlabs_ui/apps/www/app/og/route.tsx(55,14): error TS2322: Type '{ children: Element; tw: string; }' is not assignable to type 'DetailedHTMLProps<HTMLAttributes<HTMLDivElement>, HTMLDivElement>'.
  Property 'tw' does not exist on type 'DetailedHTMLProps<HTMLAttributes<HTMLDivElement>, HTMLDivElement>'.
__elevenlabs_ui/apps/www/app/og/route.tsx(67,14): error TS2322: Type '{ children: Element[]; tw: string; }' is not assignable to type 'DetailedHTMLProps<HTMLAttributes<HTMLDivElement>, HTMLDivElement>'.
  Property 'tw' does not exist on type 'DetailedHTMLProps<HTMLAttributes<HTMLDivElement>, HTMLDivElement>'.
__elevenlabs_ui/apps/www/app/og/route.tsx(69,13): error TS2322: Type '{ children: string; tw: string; style: { textWrap: "balance"; fontWeight: number; fontSize: number; letterSpacing: string; }; }' is not assignable to type 'DetailedHTMLProps<HTMLAttributes<HTMLDivElement>, HTMLDivElement>'.
  Property 'tw' does not exist on type 'DetailedHTMLProps<HTMLAttributes<HTMLDivElement>, HTMLDivElement>'.
__elevenlabs_ui/apps/www/app/og/route.tsx(80,13): error TS2322: Type '{ children: string; tw: string; style: { fontWeight: number; textWrap: "balance"; }; }' is not assignable to type 'DetailedHTMLProps<HTMLAttributes<HTMLDivElement>, HTMLDivElement>'.
  Property 'tw' does not exist on type 'DetailedHTMLProps<HTMLAttributes<HTMLDivElement>, HTMLDivElement>'.
__elevenlabs_ui/apps/www/components/analytics.tsx(3,46): error TS2307: Cannot find module '@vercel/analytics/react' or its corresponding type declarations.
__elevenlabs_ui/apps/www/components/announcement-1.tsx(1,18): error TS2307: Cannot find module 'next/link' or its corresponding type declarations.
__elevenlabs_ui/apps/www/components/announcement-1.tsx(8,8): error TS2307: Cannot find module '@/components/kibo-ui/announcement' or its corresponding type declarations.
__elevenlabs_ui/apps/www/components/announcement.tsx(1,18): error TS2307: Cannot find module 'next/link' or its corresponding type declarations.
__elevenlabs_ui/apps/www/components/announcement.tsx(8,8): error TS2307: Cannot find module '@/components/kibo-ui/announcement' or its corresponding type declarations.
__elevenlabs_ui/apps/www/components/block-display.tsx(2,40): error TS2307: Cannot find module 'shadcn/schema' or its corresponding type declarations.
__elevenlabs_ui/apps/www/components/block-display.tsx(3,19): error TS2307: Cannot find module 'zod' or its corresponding type declarations.
__elevenlabs_ui/apps/www/components/block-display.tsx(5,31): error TS2307: Cannot find module '@/lib/highlight-code' or its corresponding type declarations.
__elevenlabs_ui/apps/www/components/block-display.tsx(9,8): error TS2307: Cannot find module '@/lib/registry' or its corresponding type declarations.
__elevenlabs_ui/apps/www/components/block-display.tsx(10,20): error TS2307: Cannot find module '@/lib/utils' or its corresponding type declarations.
__elevenlabs_ui/apps/www/components/block-display.tsx(11,29): error TS2307: Cannot find module '@/components/block-viewer' or its corresponding type declarations.
__elevenlabs_ui/apps/www/components/block-display.tsx(12,34): error TS2307: Cannot find module '@/components/component-preview' or its corresponding type declarations.
__elevenlabs_ui/apps/www/components/block-image.tsx(1,19): error TS2307: Cannot find module 'next/image' or its corresponding type declarations.
__elevenlabs_ui/apps/www/components/block-image.tsx(3,20): error TS2307: Cannot find module '@/lib/utils' or its corresponding type declarations.
__elevenlabs_ui/apps/www/components/block-viewer.tsx(4,19): error TS2307: Cannot find module 'next/image' or its corresponding type declarations.
__elevenlabs_ui/apps/www/components/block-viewer.tsx(5,18): error TS2307: Cannot find module 'next/link' or its corresponding type declarations.
__elevenlabs_ui/apps/www/components/block-viewer.tsx(19,39): error TS2307: Cannot find module 'react-resizable-panels' or its corresponding type declarations.
__elevenlabs_ui/apps/www/components/block-viewer.tsx(20,60): error TS2307: Cannot find module 'shadcn/schema' or its corresponding type declarations.
__elevenlabs_ui/apps/www/components/block-viewer.tsx(21,19): error TS2307: Cannot find module 'zod' or its corresponding type declarations.
__elevenlabs_ui/apps/www/components/block-viewer.tsx(23,28): error TS2307: Cannot find module '@/lib/events' or its corresponding type declarations.
__elevenlabs_ui/apps/www/components/block-viewer.tsx(24,62): error TS2307: Cannot find module '@/lib/registry' or its corresponding type declarations.
__elevenlabs_ui/apps/www/components/block-viewer.tsx(25,20): error TS2307: Cannot find module '@/lib/utils' or its corresponding type declarations.
__elevenlabs_ui/apps/www/components/block-viewer.tsx(26,36): error TS2307: Cannot find module '@/hooks/use-copy-to-clipboard' or its corresponding type declarations.
__elevenlabs_ui/apps/www/components/block-viewer.tsx(27,45): error TS2307: Cannot find module '@/components/icons' or its corresponding type declarations.
__elevenlabs_ui/apps/www/components/block-viewer.tsx(28,32): error TS2307: Cannot find module '@/components/open-in-v0-button' or its corresponding type declarations.
__elevenlabs_ui/apps/www/components/block-viewer.tsx(29,24): error TS2307: Cannot find module '@/registry/elevenlabs-ui/ui/button' or its corresponding type declarations.
__elevenlabs_ui/apps/www/components/block-viewer.tsx(34,8): error TS2307: Cannot find module '@/registry/elevenlabs-ui/ui/collapsible' or its corresponding type declarations.
__elevenlabs_ui/apps/www/components/block-viewer.tsx(39,8): error TS2307: Cannot find module '@/registry/elevenlabs-ui/ui/resizable' or its corresponding type declarations.
__elevenlabs_ui/apps/www/components/block-viewer.tsx(40,27): error TS2307: Cannot find module '@/registry/elevenlabs-ui/ui/separator' or its corresponding type declarations.
__elevenlabs_ui/apps/www/components/block-viewer.tsx(51,8): error TS2307: Cannot find module '@/registry/elevenlabs-ui/ui/sidebar' or its corresponding type declarations.
__elevenlabs_ui/apps/www/components/block-viewer.tsx(52,45): error TS2307: Cannot find module '@/registry/elevenlabs-ui/ui/tabs' or its corresponding type declarations.
__elevenlabs_ui/apps/www/components/block-viewer.tsx(56,8): error TS2307: Cannot find module '@/registry/elevenlabs-ui/ui/toggle-group' or its corresponding type declarations.
__elevenlabs_ui/apps/www/components/blocks-nav.tsx(3,18): error TS2307: Cannot find module 'next/link' or its corresponding type declarations.
__elevenlabs_ui/apps/www/components/blocks-nav.tsx(4,29): error TS2307: Cannot find module 'next/navigation' or its corresponding type declarations.
__elevenlabs_ui/apps/www/components/blocks-nav.tsx(6,39): error TS2307: Cannot find module '@/registry/elevenlabs-ui/ui/scroll-area' or its corresponding type declarations.
__elevenlabs_ui/apps/www/components/blocks-nav.tsx(7,36): error TS2307: Cannot find module '@/registry/registry-categories' or its corresponding type declarations.
__elevenlabs_ui/apps/www/components/blur-vignette.tsx(5,24): error TS2307: Cannot find module '@/registry/elevenlabs-ui/ui/switch' or its corresponding type declarations.
__elevenlabs_ui/apps/www/components/callout.tsx(1,20): error TS2307: Cannot find module '@/lib/utils' or its corresponding type declarations.
__elevenlabs_ui/apps/www/components/callout.tsx(6,8): error TS2307: Cannot find module '@/registry/elevenlabs-ui/ui/alert' or its corresponding type declarations.
__elevenlabs_ui/apps/www/components/cards/activity-goal.tsx(5,31): error TS2307: Cannot find module 'recharts' or its corresponding type declarations.
__elevenlabs_ui/apps/www/components/cards/activity-goal.tsx(7,24): error TS2307: Cannot find module '@/registry/elevenlabs-ui/ui/button' or its corresponding type declarations.
__elevenlabs_ui/apps/www/components/cards/activity-goal.tsx(15,8): error TS2307: Cannot find module '@/registry/elevenlabs-ui/ui/card' or its corresponding type declarations.
__elevenlabs_ui/apps/www/components/cards/activity-goal.tsx(16,45): error TS2307: Cannot find module '@/registry/elevenlabs-ui/ui/chart' or its corresponding type declarations.
__elevenlabs_ui/apps/www/components/cards/bar-visualizer.tsx(9,8): error TS2307: Cannot find module '@/registry/elevenlabs-ui/ui/bar-visualizer' or its corresponding type declarations.
__elevenlabs_ui/apps/www/components/cards/bar-visualizer.tsx(10,35): error TS2307: Cannot find module '@/registry/elevenlabs-ui/ui/card' or its corresponding type declarations.
__elevenlabs_ui/apps/www/components/cards/bar-visualizer.tsx(11,32): error TS2307: Cannot find module '@/registry/elevenlabs-ui/ui/shimmering-text' or its corresponding type declarations.
__elevenlabs_ui/apps/www/components/cards/calendar.tsx(3,25): error TS2307: Cannot find module 'date-fns' or its corresponding type declarations.
__elevenlabs_ui/apps/www/components/cards/calendar.tsx(5,26): error TS2307: Cannot find module '@/registry/elevenlabs-ui/ui/calendar' or its corresponding type declarations.
__elevenlabs_ui/apps/www/components/cards/calendar.tsx(6,35): error TS2307: Cannot find module '@/registry/elevenlabs-ui/ui/card' or its corresponding type declarations.
__elevenlabs_ui/apps/www/components/cards/cookie-settings.tsx(3,24): error TS2307: Cannot find module '@/registry/elevenlabs-ui/ui/button' or its corresponding type declarations.
__elevenlabs_ui/apps/www/components/cards/cookie-settings.tsx(11,8): error TS2307: Cannot find module '@/registry/elevenlabs-ui/ui/card' or its corresponding type declarations.
__elevenlabs_ui/apps/www/components/cards/cookie-settings.tsx(12,23): error TS2307: Cannot find module '@/registry/elevenlabs-ui/ui/label' or its corresponding type declarations.
__elevenlabs_ui/apps/www/components/cards/cookie-settings.tsx(13,24): error TS2307: Cannot find module '@/registry/elevenlabs-ui/ui/switch' or its corresponding type declarations.
__elevenlabs_ui/apps/www/components/cards/create-account.tsx(3,24): error TS2307: Cannot find module '@/registry/elevenlabs-ui/ui/button' or its corresponding type declarations.
__elevenlabs_ui/apps/www/components/cards/create-account.tsx(11,8): error TS2307: Cannot find module '@/registry/elevenlabs-ui/ui/card' or its corresponding type declarations.
__elevenlabs_ui/apps/www/components/cards/create-account.tsx(12,23): error TS2307: Cannot find module '@/registry/elevenlabs-ui/ui/input' or its corresponding type declarations.
__elevenlabs_ui/apps/www/components/cards/create-account.tsx(13,23): error TS2307: Cannot find module '@/registry/elevenlabs-ui/ui/label' or its corresponding type declarations.
__elevenlabs_ui/apps/www/components/cards/forms.tsx(3,24): error TS2307: Cannot find module '@/registry/elevenlabs-ui/ui/button' or its corresponding type declarations.
__elevenlabs_ui/apps/www/components/cards/forms.tsx(11,8): error TS2307: Cannot find module '@/registry/elevenlabs-ui/ui/card' or its corresponding type declarations.
__elevenlabs_ui/apps/www/components/cards/forms.tsx(12,26): error TS2307: Cannot find module '@/registry/elevenlabs-ui/ui/checkbox' or its corresponding type declarations.
__elevenlabs_ui/apps/www/components/cards/forms.tsx(13,23): error TS2307: Cannot find module '@/registry/elevenlabs-ui/ui/input' or its corresponding type declarations.
__elevenlabs_ui/apps/www/components/cards/forms.tsx(14,23): error TS2307: Cannot find module '@/registry/elevenlabs-ui/ui/label' or its corresponding type declarations.
__elevenlabs_ui/apps/www/components/cards/forms.tsx(18,8): error TS2307: Cannot find module '@/registry/elevenlabs-ui/ui/radio-group' or its corresponding type declarations.
__elevenlabs_ui/apps/www/components/cards/forms.tsx(19,26): error TS2307: Cannot find module '@/registry/elevenlabs-ui/ui/textarea' or its corresponding type declarations.
__elevenlabs_ui/apps/www/components/cards/index.tsx(1,35): error TS2307: Cannot find module '@/components/cards/activity-goal' or its corresponding type declarations.
__elevenlabs_ui/apps/www/components/cards/index.tsx(2,36): error TS2307: Cannot find module '@/components/cards/bar-visualizer' or its corresponding type declarations.
__elevenlabs_ui/apps/www/components/cards/index.tsx(3,36): error TS2307: Cannot find module '@/components/cards/live-recording' or its corresponding type declarations.
__elevenlabs_ui/apps/www/components/cards/index.tsx(4,27): error TS2307: Cannot find module '@/registry/elevenlabs-ui/blocks/music-player-01/page' or its corresponding type declarations.
__elevenlabs_ui/apps/www/components/cards/index.tsx(5,27): error TS2307: Cannot find module '@/registry/elevenlabs-ui/blocks/music-player-02/page' or its corresponding type declarations.
__elevenlabs_ui/apps/www/components/cards/index.tsx(6,23): error TS2307: Cannot find module '@/registry/elevenlabs-ui/blocks/speaker-01/page' or its corresponding type declarations.
__elevenlabs_ui/apps/www/components/cards/index.tsx(7,25): error TS2307: Cannot find module '@/registry/elevenlabs-ui/blocks/voice-chat-01/page' or its corresponding type declarations.
__elevenlabs_ui/apps/www/components/cards/index.tsx(8,25): error TS2307: Cannot find module '@/registry/elevenlabs-ui/blocks/voice-chat-02/page' or its corresponding type declarations.
__elevenlabs_ui/apps/www/components/cards/index.tsx(9,23): error TS2307: Cannot find module '@/registry/elevenlabs-ui/blocks/voice-form-01/page' or its corresponding type declarations.
__elevenlabs_ui/apps/www/components/cards/index.tsx(10,30): error TS2307: Cannot find module '@/registry/elevenlabs-ui/examples/conversation-demo' or its corresponding type declarations.
__elevenlabs_ui/apps/www/components/cards/index.tsx(11,21): error TS2307: Cannot find module '@/registry/elevenlabs-ui/examples/orb-demo' or its corresponding type declarations.
__elevenlabs_ui/apps/www/components/cards/index.tsx(12,29): error TS2307: Cannot find module '@/registry/elevenlabs-ui/examples/voice-picker-demo' or its corresponding type declarations.
__elevenlabs_ui/apps/www/components/cards/index.tsx(13,26): error TS2307: Cannot find module '@/registry/elevenlabs-ui/examples/waveform-demo' or its corresponding type declarations.
__elevenlabs_ui/apps/www/components/cards/index.tsx(14,33): error TS2307: Cannot find module '@/registry/elevenlabs-ui/ui/conversation-bar' or its corresponding type declarations.
__elevenlabs_ui/apps/www/components/cards/live-recording.tsx(5,35): error TS2307: Cannot find module '@/registry/elevenlabs-ui/ui/card' or its corresponding type declarations.
__elevenlabs_ui/apps/www/components/cards/live-recording.tsx(6,35): error TS2307: Cannot find module '@/registry/elevenlabs-ui/ui/waveform' or its corresponding type declarations.
__elevenlabs_ui/apps/www/components/cards/payment-method.tsx(3,24): error TS2307: Cannot find module '@/registry/elevenlabs-ui/ui/button' or its corresponding type declarations.
__elevenlabs_ui/apps/www/components/cards/payment-method.tsx(11,8): error TS2307: Cannot find module '@/registry/elevenlabs-ui/ui/card' or its corresponding type declarations.
__elevenlabs_ui/apps/www/components/cards/payment-method.tsx(12,23): error TS2307: Cannot find module '@/registry/elevenlabs-ui/ui/input' or its corresponding type declarations.
__elevenlabs_ui/apps/www/components/cards/payment-method.tsx(13,23): error TS2307: Cannot find module '@/registry/elevenlabs-ui/ui/label' or its corresponding type declarations.
__elevenlabs_ui/apps/www/components/cards/payment-method.tsx(17,8): error TS2307: Cannot find module '@/registry/elevenlabs-ui/ui/radio-group' or its corresponding type declarations.
__elevenlabs_ui/apps/www/components/cards/payment-method.tsx(24,8): error TS2307: Cannot find module '@/registry/elevenlabs-ui/ui/select' or its corresponding type declarations.
__elevenlabs_ui/apps/www/components/cards/payments.tsx(15,8): error TS2307: Cannot find module '@tanstack/react-table' or its corresponding type declarations.
__elevenlabs_ui/apps/www/components/cards/payments.tsx(18,24): error TS2307: Cannot find module '@/registry/elevenlabs-ui/ui/button' or its corresponding type declarations.
__elevenlabs_ui/apps/www/components/cards/payments.tsx(26,8): error TS2307: Cannot find module '@/registry/elevenlabs-ui/ui/card' or its corresponding type declarations.
__elevenlabs_ui/apps/www/components/cards/payments.tsx(27,26): error TS2307: Cannot find module '@/registry/elevenlabs-ui/ui/checkbox' or its corresponding type declarations.
__elevenlabs_ui/apps/www/components/cards/payments.tsx(35,8): error TS2307: Cannot find module '@/registry/elevenlabs-ui/ui/dropdown-menu' or its corresponding type declarations.
__elevenlabs_ui/apps/www/components/cards/payments.tsx(43,8): error TS2307: Cannot find module '@/registry/elevenlabs-ui/ui/table' or its corresponding type declarations.
__elevenlabs_ui/apps/www/components/cards/report-issue.tsx(5,24): error TS2307: Cannot find module '@/registry/elevenlabs-ui/ui/button' or its corresponding type declarations.
__elevenlabs_ui/apps/www/components/cards/report-issue.tsx(13,8): error TS2307: Cannot find module '@/registry/elevenlabs-ui/ui/card' or its corresponding type declarations.
__elevenlabs_ui/apps/www/components/cards/report-issue.tsx(14,23): error TS2307: Cannot find module '@/registry/elevenlabs-ui/ui/input' or its corresponding type declarations.
__elevenlabs_ui/apps/www/components/cards/report-issue.tsx(15,23): error TS2307: Cannot find module '@/registry/elevenlabs-ui/ui/label' or its corresponding type declarations.
__elevenlabs_ui/apps/www/components/cards/report-issue.tsx(22,8): error TS2307: Cannot find module '@/registry/elevenlabs-ui/ui/select' or its corresponding type declarations.
__elevenlabs_ui/apps/www/components/cards/report-issue.tsx(23,26): error TS2307: Cannot find module '@/registry/elevenlabs-ui/ui/textarea' or its corresponding type declarations.
__elevenlabs_ui/apps/www/components/cards/share.tsx(7,8): error TS2307: Cannot find module '@/registry/elevenlabs-ui/ui/avatar' or its corresponding type declarations.
__elevenlabs_ui/apps/www/components/cards/share.tsx(8,24): error TS2307: Cannot find module '@/registry/elevenlabs-ui/ui/button' or its corresponding type declarations.
__elevenlabs_ui/apps/www/components/cards/share.tsx(15,8): error TS2307: Cannot find module '@/registry/elevenlabs-ui/ui/card' or its corresponding type declarations.
__elevenlabs_ui/apps/www/components/cards/share.tsx(16,23): error TS2307: Cannot find module '@/registry/elevenlabs-ui/ui/input' or its corresponding type declarations.
__elevenlabs_ui/apps/www/components/cards/share.tsx(17,23): error TS2307: Cannot find module '@/registry/elevenlabs-ui/ui/label' or its corresponding type declarations.
__elevenlabs_ui/apps/www/components/cards/share.tsx(24,8): error TS2307: Cannot find module '@/registry/elevenlabs-ui/ui/select' or its corresponding type declarations.
__elevenlabs_ui/apps/www/components/cards/share.tsx(25,27): error TS2307: Cannot find module '@/registry/elevenlabs-ui/ui/separator' or its corresponding type declarations.
__elevenlabs_ui/apps/www/components/chart-code-viewer.tsx(3,20): error TS2307: Cannot find module '@/lib/utils' or its corresponding type declarations.
__elevenlabs_ui/apps/www/components/chart-code-viewer.tsx(4,31): error TS2307: Cannot find module '@/hooks/use-media-query' or its corresponding type declarations.
__elevenlabs_ui/apps/www/components/chart-code-viewer.tsx(5,33): error TS2307: Cannot find module '@/components/chart-copy-button' or its corresponding type declarations.
__elevenlabs_ui/apps/www/components/chart-code-viewer.tsx(6,23): error TS2307: Cannot find module '@/components/chart-display' or its corresponding type declarations.
__elevenlabs_ui/apps/www/components/chart-code-viewer.tsx(7,45): error TS2307: Cannot find module '@/components/icons' or its corresponding type declarations.
__elevenlabs_ui/apps/www/components/chart-code-viewer.tsx(8,32): error TS2307: Cannot find module '@/components/open-in-v0-button' or its corresponding type declarations.
__elevenlabs_ui/apps/www/components/chart-code-viewer.tsx(9,24): error TS2307: Cannot find module '@/registry/elevenlabs-ui/ui/button' or its corresponding type declarations.
__elevenlabs_ui/apps/www/components/chart-code-viewer.tsx(17,8): error TS2307: Cannot find module '@/registry/elevenlabs-ui/ui/drawer' or its corresponding type declarations.
__elevenlabs_ui/apps/www/components/chart-code-viewer.tsx(25,8): error TS2307: Cannot find module '@/registry/elevenlabs-ui/ui/sheet' or its corresponding type declarations.
__elevenlabs_ui/apps/www/components/chart-copy-button.tsx(6,35): error TS2307: Cannot find module '@/lib/events' or its corresponding type declarations.
__elevenlabs_ui/apps/www/components/chart-copy-button.tsx(7,20): error TS2307: Cannot find module '@/lib/utils' or its corresponding type declarations.
__elevenlabs_ui/apps/www/components/chart-copy-button.tsx(8,24): error TS2307: Cannot find module '@/registry/elevenlabs-ui/ui/button' or its corresponding type declarations.
__elevenlabs_ui/apps/www/components/chart-copy-button.tsx(13,8): error TS2307: Cannot find module '@/registry/elevenlabs-ui/ui/tooltip' or its corresponding type declarations.
__elevenlabs_ui/apps/www/components/chart-display.tsx(2,36): error TS2307: Cannot find module 'shadcn/schema' or its corresponding type declarations.
__elevenlabs_ui/apps/www/components/chart-display.tsx(3,19): error TS2307: Cannot find module 'zod' or its corresponding type declarations.
__elevenlabs_ui/apps/www/components/chart-display.tsx(5,31): error TS2307: Cannot find module '@/lib/highlight-code' or its corresponding type declarations.
__elevenlabs_ui/apps/www/components/chart-display.tsx(6,33): error TS2307: Cannot find module '@/lib/registry' or its corresponding type declarations.
__elevenlabs_ui/apps/www/components/chart-display.tsx(7,20): error TS2307: Cannot find module '@/lib/utils' or its corresponding type declarations.
__elevenlabs_ui/apps/www/components/chart-display.tsx(8,30): error TS2307: Cannot find module '@/components/chart-toolbar' or its corresponding type declarations.
__elevenlabs_ui/apps/www/components/chart-toolbar.tsx(13,20): error TS2307: Cannot find module '@/lib/utils' or its corresponding type declarations.
__elevenlabs_ui/apps/www/components/chart-toolbar.tsx(14,33): error TS2307: Cannot find module '@/components/chart-code-viewer' or its corresponding type declarations.
__elevenlabs_ui/apps/www/components/chart-toolbar.tsx(15,33): error TS2307: Cannot find module '@/components/chart-copy-button' or its corresponding type declarations.
__elevenlabs_ui/apps/www/components/chart-toolbar.tsx(16,23): error TS2307: Cannot find module '@/components/chart-display' or its corresponding type declarations.
__elevenlabs_ui/apps/www/components/chart-toolbar.tsx(17,27): error TS2307: Cannot find module '@/registry/elevenlabs-ui/ui/separator' or its corresponding type declarations.
__elevenlabs_ui/apps/www/components/charts-nav.tsx(3,18): error TS2307: Cannot find module 'next/link' or its corresponding type declarations.
__elevenlabs_ui/apps/www/components/charts-nav.tsx(4,29): error TS2307: Cannot find module 'next/navigation' or its corresponding type declarations.
__elevenlabs_ui/apps/www/components/charts-nav.tsx(6,20): error TS2307: Cannot find module '@/lib/utils' or its corresponding type declarations.
__elevenlabs_ui/apps/www/components/charts-nav.tsx(7,39): error TS2307: Cannot find module '@/registry/elevenlabs-ui/ui/scroll-area' or its corresponding type declarations.
__elevenlabs_ui/apps/www/components/code-block-command.tsx(6,27): error TS2307: Cannot find module '@/hooks/use-config' or its corresponding type declarations.
__elevenlabs_ui/apps/www/components/code-block-command.tsx(7,41): error TS2307: Cannot find module '@/components/copy-button' or its corresponding type declarations.
__elevenlabs_ui/apps/www/components/code-block-command.tsx(8,24): error TS2307: Cannot find module '@/registry/elevenlabs-ui/ui/button' or its corresponding type declarations.
__elevenlabs_ui/apps/www/components/code-block-command.tsx(14,8): error TS2307: Cannot find module '@/registry/elevenlabs-ui/ui/tabs' or its corresponding type declarations.
__elevenlabs_ui/apps/www/components/code-block-command.tsx(19,8): error TS2307: Cannot find module '@/registry/elevenlabs-ui/ui/tooltip' or its corresponding type declarations.
__elevenlabs_ui/apps/www/components/code-collapsible-wrapper.tsx(5,20): error TS2307: Cannot find module '@/lib/utils' or its corresponding type declarations.
__elevenlabs_ui/apps/www/components/code-collapsible-wrapper.tsx(6,24): error TS2307: Cannot find module '@/registry/elevenlabs-ui/ui/button' or its corresponding type declarations.
__elevenlabs_ui/apps/www/components/code-collapsible-wrapper.tsx(11,8): error TS2307: Cannot find module '@/registry/elevenlabs-ui/ui/collapsible' or its corresponding type declarations.
__elevenlabs_ui/apps/www/components/code-collapsible-wrapper.tsx(12,27): error TS2307: Cannot find module '@/registry/elevenlabs-ui/ui/separator' or its corresponding type declarations.
__elevenlabs_ui/apps/www/components/code-tabs.tsx(5,27): error TS2307: Cannot find module '@/hooks/use-config' or its corresponding type declarations.
__elevenlabs_ui/apps/www/components/code-tabs.tsx(6,22): error TS2307: Cannot find module '@/registry/elevenlabs-ui/ui/tabs' or its corresponding type declarations.
__elevenlabs_ui/apps/www/components/command-menu.tsx(4,27): error TS2307: Cannot find module 'next/navigation' or its corresponding type declarations.
__elevenlabs_ui/apps/www/components/command-menu.tsx(6,32): error TS2307: Cannot find module '@tabler/icons-react' or its corresponding type declarations.
__elevenlabs_ui/apps/www/components/command-menu.tsx(9,24): error TS2307: Cannot find module '@/lib/source' or its corresponding type declarations.
__elevenlabs_ui/apps/www/components/command-menu.tsx(10,20): error TS2307: Cannot find module '@/lib/utils' or its corresponding type declarations.
__elevenlabs_ui/apps/www/components/command-menu.tsx(11,27): error TS2307: Cannot find module '@/hooks/use-config' or its corresponding type declarations.
__elevenlabs_ui/apps/www/components/command-menu.tsx(12,26): error TS2307: Cannot find module '@/hooks/use-is-mac' or its corresponding type declarations.
__elevenlabs_ui/apps/www/components/command-menu.tsx(13,37): error TS2307: Cannot find module '@/hooks/use-mutation-observer' or its corresponding type declarations.
__elevenlabs_ui/apps/www/components/command-menu.tsx(14,41): error TS2307: Cannot find module '@/components/copy-button' or its corresponding type declarations.
__elevenlabs_ui/apps/www/components/command-menu.tsx(15,24): error TS2307: Cannot find module '@/registry/elevenlabs-ui/ui/button' or its corresponding type declarations.
__elevenlabs_ui/apps/www/components/command-menu.tsx(23,8): error TS2307: Cannot find module '@/registry/elevenlabs-ui/ui/command' or its corresponding type declarations.
__elevenlabs_ui/apps/www/components/command-menu.tsx(31,8): error TS2307: Cannot find module '@/registry/elevenlabs-ui/ui/dialog' or its corresponding type declarations.
__elevenlabs_ui/apps/www/components/command-menu.tsx(32,27): error TS2307: Cannot find module '@/registry/elevenlabs-ui/ui/separator' or its corresponding type declarations.
__elevenlabs_ui/apps/www/components/component-preview-tabs.tsx(5,20): error TS2307: Cannot find module '@/lib/utils' or its corresponding type declarations.
__elevenlabs_ui/apps/www/components/component-preview-tabs.tsx(6,45): error TS2307: Cannot find module '@/registry/elevenlabs-ui/ui/tabs' or its corresponding type declarations.
__elevenlabs_ui/apps/www/components/component-preview.tsx(1,19): error TS2307: Cannot find module 'next/image' or its corresponding type declarations.
__elevenlabs_ui/apps/www/components/component-preview.tsx(3,38): error TS2307: Cannot find module '@/components/component-preview-tabs' or its corresponding type declarations.
__elevenlabs_ui/apps/www/components/component-preview.tsx(4,33): error TS2307: Cannot find module '@/components/component-source' or its corresponding type declarations.
__elevenlabs_ui/apps/www/components/component-preview.tsx(5,23): error TS2307: Cannot find module '@/registry/__index__' or its corresponding type declarations.
__elevenlabs_ui/apps/www/components/component-source.tsx(5,31): error TS2307: Cannot find module '@/lib/highlight-code' or its corresponding type declarations.
__elevenlabs_ui/apps/www/components/component-source.tsx(6,33): error TS2307: Cannot find module '@/lib/registry' or its corresponding type declarations.
__elevenlabs_ui/apps/www/components/component-source.tsx(7,20): error TS2307: Cannot find module '@/lib/utils' or its corresponding type declarations.
__elevenlabs_ui/apps/www/components/component-source.tsx(8,40): error TS2307: Cannot find module '@/components/code-collapsible-wrapper' or its corresponding type declarations.
__elevenlabs_ui/apps/www/components/component-source.tsx(9,28): error TS2307: Cannot find module '@/components/copy-button' or its corresponding type declarations.
__elevenlabs_ui/apps/www/components/component-source.tsx(10,45): error TS2307: Cannot find module '@/components/icons' or its corresponding type declarations.
__elevenlabs_ui/apps/www/components/component-wrapper.tsx(5,20): error TS2307: Cannot find module '@/registry/elevenlabs-ui/lib/utils' or its corresponding type declarations.
__elevenlabs_ui/apps/www/components/components-list.tsx(1,18): error TS2307: Cannot find module 'next/link' or its corresponding type declarations.
__elevenlabs_ui/apps/www/components/components-list.tsx(3,24): error TS2307: Cannot find module '@/lib/source' or its corresponding type declarations.
__elevenlabs_ui/apps/www/components/copy-button.tsx(6,35): error TS2307: Cannot find module '@/lib/events' or its corresponding type declarations.
__elevenlabs_ui/apps/www/components/copy-button.tsx(7,20): error TS2307: Cannot find module '@/lib/utils' or its corresponding type declarations.
__elevenlabs_ui/apps/www/components/copy-button.tsx(8,24): error TS2307: Cannot find module '@/registry/elevenlabs-ui/ui/button' or its corresponding type declarations.
__elevenlabs_ui/apps/www/components/copy-button.tsx(13,8): error TS2307: Cannot find module '@/registry/elevenlabs-ui/ui/tooltip' or its corresponding type declarations.
__elevenlabs_ui/apps/www/components/docs-breadcrumb.tsx(4,18): error TS2307: Cannot find module 'next/link' or its corresponding type declarations.
__elevenlabs_ui/apps/www/components/docs-breadcrumb.tsx(5,29): error TS2307: Cannot find module 'next/navigation' or its corresponding type declarations.
__elevenlabs_ui/apps/www/components/docs-breadcrumb.tsx(6,31): error TS2307: Cannot find module 'fumadocs-core/breadcrumb' or its corresponding type declarations.
__elevenlabs_ui/apps/www/components/docs-breadcrumb.tsx(7,31): error TS2307: Cannot find module 'fumadocs-core/server' or its corresponding type declarations.
__elevenlabs_ui/apps/www/components/docs-breadcrumb.tsx(16,8): error TS2307: Cannot find module '@/registry/elevenlabs-ui/ui/breadcrumb' or its corresponding type declarations.
__elevenlabs_ui/apps/www/components/docs-copy-page.tsx(3,54): error TS2307: Cannot find module '@tabler/icons-react' or its corresponding type declarations.
__elevenlabs_ui/apps/www/components/docs-copy-page.tsx(5,36): error TS2307: Cannot find module '@/hooks/use-copy-to-clipboard' or its corresponding type declarations.
__elevenlabs_ui/apps/www/components/docs-copy-page.tsx(6,24): error TS2307: Cannot find module '@/registry/elevenlabs-ui/ui/button' or its corresponding type declarations.
__elevenlabs_ui/apps/www/components/docs-copy-page.tsx(12,8): error TS2307: Cannot find module '@/registry/elevenlabs-ui/ui/dropdown-menu' or its corresponding type declarations.
__elevenlabs_ui/apps/www/components/docs-copy-page.tsx(18,8): error TS2307: Cannot find module '@/registry/elevenlabs-ui/ui/popover' or its corresponding type declarations.
__elevenlabs_ui/apps/www/components/docs-copy-page.tsx(19,27): error TS2307: Cannot find module '@/registry/elevenlabs-ui/ui/separator' or its corresponding type declarations.
__elevenlabs_ui/apps/www/components/docs-sidebar-cta.tsx(1,18): error TS2307: Cannot find module 'next/link' or its corresponding type declarations.
__elevenlabs_ui/apps/www/components/docs-sidebar-cta.tsx(3,28): error TS2307: Cannot find module '@/lib/config' or its corresponding type declarations.
__elevenlabs_ui/apps/www/components/docs-sidebar-cta.tsx(4,20): error TS2307: Cannot find module '@/lib/utils' or its corresponding type declarations.
__elevenlabs_ui/apps/www/components/docs-sidebar-cta.tsx(5,24): error TS2307: Cannot find module '@/registry/elevenlabs-ui/ui/button' or its corresponding type declarations.
__elevenlabs_ui/apps/www/components/docs-sidebar.tsx(3,18): error TS2307: Cannot find module 'next/link' or its corresponding type declarations.
__elevenlabs_ui/apps/www/components/docs-sidebar.tsx(4,29): error TS2307: Cannot find module 'next/navigation' or its corresponding type declarations.
__elevenlabs_ui/apps/www/components/docs-sidebar.tsx(6,29): error TS2307: Cannot find module '@/lib/source' or its corresponding type declarations.
__elevenlabs_ui/apps/www/components/docs-sidebar.tsx(16,8): error TS2307: Cannot find module '@/registry/elevenlabs-ui/ui/sidebar' or its corresponding type declarations.
__elevenlabs_ui/apps/www/components/docs-toc.tsx(4,27): error TS2307: Cannot find module '@tabler/icons-react' or its corresponding type declarations.
__elevenlabs_ui/apps/www/components/docs-toc.tsx(6,20): error TS2307: Cannot find module '@/lib/utils' or its corresponding type declarations.
__elevenlabs_ui/apps/www/components/docs-toc.tsx(7,24): error TS2307: Cannot find module '@/registry/elevenlabs-ui/ui/button' or its corresponding type declarations.
__elevenlabs_ui/apps/www/components/docs-toc.tsx(13,8): error TS2307: Cannot find module '@/registry/elevenlabs-ui/ui/dropdown-menu' or its corresponding type declarations.
__elevenlabs_ui/apps/www/components/examples-nav.tsx(3,20): error TS2307: Cannot find module '@/lib/utils' or its corresponding type declarations.
__elevenlabs_ui/apps/www/components/examples-nav.tsx(4,39): error TS2307: Cannot find module '@/registry/elevenlabs-ui/ui/scroll-area' or its corresponding type declarations.
__elevenlabs_ui/apps/www/components/github-link.tsx(2,18): error TS2307: Cannot find module 'next/link' or its corresponding type declarations.
__elevenlabs_ui/apps/www/components/github-link.tsx(4,28): error TS2307: Cannot find module '@/lib/config' or its corresponding type declarations.
__elevenlabs_ui/apps/www/components/github-link.tsx(5,23): error TS2307: Cannot find module '@/components/icons' or its corresponding type declarations.
__elevenlabs_ui/apps/www/components/github-link.tsx(6,24): error TS2307: Cannot find module '@/registry/elevenlabs-ui/ui/button' or its corresponding type declarations.
__elevenlabs_ui/apps/www/components/github-link.tsx(7,26): error TS2307: Cannot find module '@/registry/elevenlabs-ui/ui/skeleton' or its corresponding type declarations.
__elevenlabs_ui/apps/www/components/github-link.tsx(24,5): error TS2769: No overload matches this call.
  Overload 1 of 2, '(input: string | URL | Request, init?: RequestInit): Promise<Response>', gave the following error.
    Object literal may only specify known properties, and 'next' does not exist in type 'RequestInit'.
  Overload 2 of 2, '(input: URL | RequestInfo, init?: RequestInit): Promise<Response>', gave the following error.
    Object literal may only specify known properties, and 'next' does not exist in type 'RequestInit'.
__elevenlabs_ui/apps/www/components/kibo-ui/announcement/index.tsx(3,20): error TS2307: Cannot find module '@/lib/utils' or its corresponding type declarations.
__elevenlabs_ui/apps/www/components/kibo-ui/announcement/index.tsx(4,23): error TS2307: Cannot find module '@/registry/elevenlabs-ui/ui/badge' or its corresponding type declarations.
__elevenlabs_ui/apps/www/components/lo-fi/accordion.tsx(3,22): error TS2307: Cannot find module '@/components/lo-fi/atom' or its corresponding type declarations.
__elevenlabs_ui/apps/www/components/lo-fi/alert.tsx(3,22): error TS2307: Cannot find module '@/components/lo-fi/atom' or its corresponding type declarations.
__elevenlabs_ui/apps/www/components/lo-fi/atom.tsx(4,20): error TS2307: Cannot find module '@/lib/utils' or its corresponding type declarations.
__elevenlabs_ui/apps/www/components/lo-fi/component.tsx(1,18): error TS2307: Cannot find module 'next/link' or its corresponding type declarations.
__elevenlabs_ui/apps/www/components/lo-fi/component.tsx(3,22): error TS2307: Cannot find module '@/components/lo-fi/atom' or its corresponding type declarations.
__elevenlabs_ui/apps/www/components/lo-fi/index.tsx(1,31): error TS2307: Cannot find module '@/components/lo-fi/accordion' or its corresponding type declarations.
__elevenlabs_ui/apps/www/components/lo-fi/index.tsx(2,27): error TS2307: Cannot find module '@/components/lo-fi/alert' or its corresponding type declarations.
__elevenlabs_ui/apps/www/components/lo-fi/index.tsx(7,8): error TS2307: Cannot find module '@/components/lo-fi/component' or its corresponding type declarations.
__elevenlabs_ui/apps/www/components/main-nav.tsx(3,18): error TS2307: Cannot find module 'next/link' or its corresponding type declarations.
__elevenlabs_ui/apps/www/components/main-nav.tsx(4,29): error TS2307: Cannot find module 'next/navigation' or its corresponding type declarations.
__elevenlabs_ui/apps/www/components/main-nav.tsx(6,20): error TS2307: Cannot find module '@/lib/utils' or its corresponding type declarations.
__elevenlabs_ui/apps/www/components/main-nav.tsx(7,24): error TS2307: Cannot find module '@/registry/elevenlabs-ui/ui/button' or its corresponding type declarations.
__elevenlabs_ui/apps/www/components/mobile-nav.tsx(4,33): error TS2307: Cannot find module 'next/link' or its corresponding type declarations.
__elevenlabs_ui/apps/www/components/mobile-nav.tsx(5,27): error TS2307: Cannot find module 'next/navigation' or its corresponding type declarations.
__elevenlabs_ui/apps/www/components/mobile-nav.tsx(7,24): error TS2307: Cannot find module '@/lib/source' or its corresponding type declarations.
__elevenlabs_ui/apps/www/components/mobile-nav.tsx(8,20): error TS2307: Cannot find module '@/lib/utils' or its corresponding type declarations.
__elevenlabs_ui/apps/www/components/mobile-nav.tsx(9,24): error TS2307: Cannot find module '@/registry/elevenlabs-ui/ui/button' or its corresponding type declarations.
__elevenlabs_ui/apps/www/components/mobile-nav.tsx(14,8): error TS2307: Cannot find module '@/registry/elevenlabs-ui/ui/popover' or its corresponding type declarations.
__elevenlabs_ui/apps/www/components/mode-switcher.tsx(4,26): error TS2307: Cannot find module 'next-themes' or its corresponding type declarations.
__elevenlabs_ui/apps/www/components/mode-switcher.tsx(6,30): error TS2307: Cannot find module '@/hooks/use-meta-color' or its corresponding type declarations.
__elevenlabs_ui/apps/www/components/mode-switcher.tsx(7,24): error TS2307: Cannot find module '@/registry/elevenlabs-ui/ui/button' or its corresponding type declarations.
__elevenlabs_ui/apps/www/components/nav-header.tsx(3,18): error TS2307: Cannot find module 'next/link' or its corresponding type declarations.
__elevenlabs_ui/apps/www/components/nav-header.tsx(4,29): error TS2307: Cannot find module 'next/navigation' or its corresponding type declarations.
__elevenlabs_ui/apps/www/components/nav-header.tsx(11,8): error TS2307: Cannot find module '@/registry/elevenlabs-ui/ui/navigation-menu' or its corresponding type declarations.
__elevenlabs_ui/apps/www/components/nav-user.tsx(16,8): error TS2307: Cannot find module '@/registry/elevenlabs-ui/ui/avatar' or its corresponding type declarations.
__elevenlabs_ui/apps/www/components/nav-user.tsx(25,8): error TS2307: Cannot find module '@/registry/elevenlabs-ui/ui/dropdown-menu' or its corresponding type declarations.
__elevenlabs_ui/apps/www/components/nav-user.tsx(31,8): error TS2307: Cannot find module '@/registry/elevenlabs-ui/ui/sidebar' or its corresponding type declarations.
__elevenlabs_ui/apps/www/components/open-in-v0-button.tsx(1,20): error TS2307: Cannot find module '@/lib/utils' or its corresponding type declarations.
__elevenlabs_ui/apps/www/components/open-in-v0-button.tsx(2,23): error TS2307: Cannot find module '@/components/icons' or its corresponding type declarations.
__elevenlabs_ui/apps/www/components/open-in-v0-button.tsx(3,24): error TS2307: Cannot find module '@/registry/elevenlabs-ui/ui/button' or its corresponding type declarations.
__elevenlabs_ui/apps/www/components/page-header.tsx(1,20): error TS2307: Cannot find module '@/lib/utils' or its corresponding type declarations.
__elevenlabs_ui/apps/www/components/page-nav.tsx(1,20): error TS2307: Cannot find module '@/lib/utils' or its corresponding type declarations.
__elevenlabs_ui/apps/www/components/site-config.tsx(6,28): error TS2307: Cannot find module '@/lib/events' or its corresponding type declarations.
__elevenlabs_ui/apps/www/components/site-config.tsx(7,20): error TS2307: Cannot find module '@/lib/utils' or its corresponding type declarations.
__elevenlabs_ui/apps/www/components/site-config.tsx(8,27): error TS2307: Cannot find module '@/hooks/use-layout' or its corresponding type declarations.
__elevenlabs_ui/apps/www/components/site-config.tsx(9,24): error TS2307: Cannot find module '@/registry/elevenlabs-ui/ui/button' or its corresponding type declarations.
__elevenlabs_ui/apps/www/components/site-footer.tsx(1,18): error TS2307: Cannot find module 'next/link' or its corresponding type declarations.
__elevenlabs_ui/apps/www/components/site-footer.tsx(3,28): error TS2307: Cannot find module '@/lib/config' or its corresponding type declarations.
__elevenlabs_ui/apps/www/components/site-header.tsx(1,18): error TS2307: Cannot find module 'next/link' or its corresponding type declarations.
__elevenlabs_ui/apps/www/components/site-header.tsx(3,28): error TS2307: Cannot find module '@/lib/config' or its corresponding type declarations.
__elevenlabs_ui/apps/www/components/site-header.tsx(4,24): error TS2307: Cannot find module '@/lib/source' or its corresponding type declarations.
__elevenlabs_ui/apps/www/components/site-header.tsx(5,29): error TS2307: Cannot find module '@/components/command-menu' or its corresponding type declarations.
__elevenlabs_ui/apps/www/components/site-header.tsx(6,28): error TS2307: Cannot find module '@/components/github-link' or its corresponding type declarations.
__elevenlabs_ui/apps/www/components/site-header.tsx(7,23): error TS2307: Cannot find module '@/components/icons' or its corresponding type declarations.
__elevenlabs_ui/apps/www/components/site-header.tsx(8,25): error TS2307: Cannot find module '@/components/main-nav' or its corresponding type declarations.
__elevenlabs_ui/apps/www/components/site-header.tsx(9,27): error TS2307: Cannot find module '@/components/mobile-nav' or its corresponding type declarations.
__elevenlabs_ui/apps/www/components/site-header.tsx(10,30): error TS2307: Cannot find module '@/components/mode-switcher' or its corresponding type declarations.
__elevenlabs_ui/apps/www/components/site-header.tsx(11,20): error TS2307: Cannot find module '@/registry/__blocks__.json' or its corresponding type declarations.
__elevenlabs_ui/apps/www/components/site-header.tsx(12,24): error TS2307: Cannot find module '@/registry/elevenlabs-ui/ui/button' or its corresponding type declarations.
__elevenlabs_ui/apps/www/components/site-header.tsx(13,27): error TS2307: Cannot find module '@/registry/elevenlabs-ui/ui/separator' or its corresponding type declarations.
__elevenlabs_ui/apps/www/components/theme-provider.tsx(4,53): error TS2307: Cannot find module 'next-themes' or its corresponding type declarations.
__elevenlabs_ui/apps/www/components/theme-selector.tsx(3,20): error TS2307: Cannot find module '@/lib/utils' or its corresponding type declarations.
__elevenlabs_ui/apps/www/components/theme-selector.tsx(4,32): error TS2307: Cannot find module '@/components/active-theme' or its corresponding type declarations.
__elevenlabs_ui/apps/www/components/theme-selector.tsx(5,23): error TS2307: Cannot find module '@/registry/elevenlabs-ui/ui/label' or its corresponding type declarations.
__elevenlabs_ui/apps/www/components/theme-selector.tsx(15,8): error TS2307: Cannot find module '@/registry/elevenlabs-ui/ui/select' or its corresponding type declarations.
__elevenlabs_ui/apps/www/hooks/use-config.ts(1,25): error TS2307: Cannot find module 'jotai' or its corresponding type declarations.
__elevenlabs_ui/apps/www/hooks/use-config.ts(2,33): error TS2307: Cannot find module 'jotai/utils' or its corresponding type declarations.
__elevenlabs_ui/apps/www/hooks/use-meta-color.ts(2,26): error TS2307: Cannot find module 'next-themes' or its corresponding type declarations.
__elevenlabs_ui/apps/www/lib/analytics.ts(1,23): error TS2307: Cannot find module '@vercel/analytics' or its corresponding type declarations.
__elevenlabs_ui/apps/www/lib/blocks.ts(3,36): error TS2307: Cannot find module 'shadcn/schema' or its corresponding type declarations.
__elevenlabs_ui/apps/www/lib/blocks.ts(4,19): error TS2307: Cannot find module 'zod' or its corresponding type declarations.
__elevenlabs_ui/apps/www/lib/blocks.ts(15,38): error TS2339: Property 'name' does not exist on type 'unknown'.
__elevenlabs_ui/apps/www/lib/blocks.ts(25,34): error TS2307: Cannot find module '@/registry/__index__' or its corresponding type declarations.
__elevenlabs_ui/apps/www/lib/blocks.ts(30,28): error TS2339: Property 'type' does not exist on type 'unknown'.
__elevenlabs_ui/apps/www/lib/blocks.ts(32,15): error TS2339: Property 'categories' does not exist on type 'unknown'.
__elevenlabs_ui/apps/www/lib/blocks.ts(33,14): error TS2339: Property 'name' does not exist on type 'unknown'.
__elevenlabs_ui/apps/www/lib/events.ts(1,16): error TS2307: Cannot find module '@vercel/analytics' or its corresponding type declarations.
__elevenlabs_ui/apps/www/lib/events.ts(2,19): error TS2307: Cannot find module 'zod' or its corresponding type declarations.
__elevenlabs_ui/apps/www/lib/fonts.ts(5,8): error TS2307: Cannot find module 'next/font/google' or its corresponding type declarations.
__elevenlabs_ui/apps/www/lib/fonts.ts(6,23): error TS2307: Cannot find module 'next/font/local' or its corresponding type declarations.
__elevenlabs_ui/apps/www/lib/fonts.ts(8,20): error TS2307: Cannot find module '@/lib/utils' or its corresponding type declarations.
__elevenlabs_ui/apps/www/lib/highlight-code.ts(1,28): error TS2307: Cannot find module 'shiki' or its corresponding type declarations.
__elevenlabs_ui/apps/www/lib/highlight-code.ts(2,39): error TS2307: Cannot find module 'shiki' or its corresponding type declarations.
__elevenlabs_ui/apps/www/lib/registry.ts(4,60): error TS2307: Cannot find module 'shadcn/schema' or its corresponding type declarations.
__elevenlabs_ui/apps/www/lib/registry.ts(5,37): error TS2307: Cannot find module 'ts-morph' or its corresponding type declarations.
__elevenlabs_ui/apps/www/lib/registry.ts(6,19): error TS2307: Cannot find module 'zod' or its corresponding type declarations.
__elevenlabs_ui/apps/www/lib/registry.ts(8,23): error TS2307: Cannot find module '@/registry/__index__' or its corresponding type declarations.
__elevenlabs_ui/apps/www/lib/rehype.ts(3,19): error TS2307: Cannot find module 'unist-builder' or its corresponding type declarations.
__elevenlabs_ui/apps/www/lib/rehype.ts(6,23): error TS2307: Cannot find module '@/registry/__index__' or its corresponding type declarations.
__elevenlabs_ui/apps/www/lib/source.ts(1,22): error TS2307: Cannot find module '@/.source' or its corresponding type declarations.
__elevenlabs_ui/apps/www/lib/source.ts(2,24): error TS2307: Cannot find module 'fumadocs-core/source' or its corresponding type declarations.
__elevenlabs_ui/apps/www/mdx-components.tsx(2,19): error TS2307: Cannot find module 'next/image' or its corresponding type declarations.
__elevenlabs_ui/apps/www/mdx-components.tsx(3,18): error TS2307: Cannot find module 'next/link' or its corresponding type declarations.
__elevenlabs_ui/apps/www/mdx-components.tsx(5,20): error TS2307: Cannot find module '@/lib/utils' or its corresponding type declarations.
__elevenlabs_ui/apps/www/mdx-components.tsx(6,25): error TS2307: Cannot find module '@/components/callout' or its corresponding type declarations.
__elevenlabs_ui/apps/www/mdx-components.tsx(7,34): error TS2307: Cannot find module '@/components/code-block-command' or its corresponding type declarations.
__elevenlabs_ui/apps/www/mdx-components.tsx(8,40): error TS2307: Cannot find module '@/components/code-collapsible-wrapper' or its corresponding type declarations.
__elevenlabs_ui/apps/www/mdx-components.tsx(9,26): error TS2307: Cannot find module '@/components/code-tabs' or its corresponding type declarations.
__elevenlabs_ui/apps/www/mdx-components.tsx(10,34): error TS2307: Cannot find module '@/components/component-preview' or its corresponding type declarations.
__elevenlabs_ui/apps/www/mdx-components.tsx(11,33): error TS2307: Cannot find module '@/components/component-source' or its corresponding type declarations.
__elevenlabs_ui/apps/www/mdx-components.tsx(12,32): error TS2307: Cannot find module '@/components/components-list' or its corresponding type declarations.
__elevenlabs_ui/apps/www/mdx-components.tsx(13,28): error TS2307: Cannot find module '@/components/copy-button' or its corresponding type declarations.
__elevenlabs_ui/apps/www/mdx-components.tsx(14,45): error TS2307: Cannot find module '@/components/icons' or its corresponding type declarations.
__elevenlabs_ui/apps/www/mdx-components.tsx(20,8): error TS2307: Cannot find module '@/registry/elevenlabs-ui/ui/accordion' or its corresponding type declarations.
__elevenlabs_ui/apps/www/mdx-components.tsx(25,8): error TS2307: Cannot find module '@/registry/elevenlabs-ui/ui/alert' or its corresponding type declarations.
__elevenlabs_ui/apps/www/mdx-components.tsx(26,29): error TS2307: Cannot find module '@/registry/elevenlabs-ui/ui/aspect-ratio' or its corresponding type declarations.
__elevenlabs_ui/apps/www/mdx-components.tsx(27,24): error TS2307: Cannot find module '@/registry/elevenlabs-ui/ui/button' or its corresponding type declarations.
__elevenlabs_ui/apps/www/mdx-components.tsx(33,8): error TS2307: Cannot find module '@/registry/elevenlabs-ui/ui/tabs' or its corresponding type declarations.
__elevenlabs_ui/apps/www/middleware.ts(1,30): error TS2307: Cannot find module 'next/server' or its corresponding type declarations.
__elevenlabs_ui/apps/www/middleware.ts(2,34): error TS2307: Cannot find module 'next/server' or its corresponding type declarations.
__elevenlabs_ui/apps/www/middleware.ts(3,23): error TS2307: Cannot find module '@vercel/analytics/server' or its corresponding type declarations.
__elevenlabs_ui/apps/www/registry/elevenlabs-ui/blocks/music-player-01/page.tsx(5,20): error TS2307: Cannot find module '@/registry/elevenlabs-ui/lib/utils' or its corresponding type declarations.
__elevenlabs_ui/apps/www/registry/elevenlabs-ui/blocks/music-player-01/page.tsx(14,8): error TS2307: Cannot find module '@/registry/elevenlabs-ui/ui/audio-player' or its corresponding type declarations.
__elevenlabs_ui/apps/www/registry/elevenlabs-ui/blocks/music-player-01/page.tsx(15,24): error TS2307: Cannot find module '@/registry/elevenlabs-ui/ui/button' or its corresponding type declarations.
__elevenlabs_ui/apps/www/registry/elevenlabs-ui/blocks/music-player-01/page.tsx(16,22): error TS2307: Cannot find module '@/registry/elevenlabs-ui/ui/card' or its corresponding type declarations.
__elevenlabs_ui/apps/www/registry/elevenlabs-ui/blocks/music-player-01/page.tsx(17,28): error TS2307: Cannot find module '@/registry/elevenlabs-ui/ui/scroll-area' or its corresponding type declarations.
__elevenlabs_ui/apps/www/registry/elevenlabs-ui/blocks/music-player-02/page.tsx(11,8): error TS2307: Cannot find module '@/registry/elevenlabs-ui/ui/audio-player' or its corresponding type declarations.
__elevenlabs_ui/apps/www/registry/elevenlabs-ui/blocks/music-player-02/page.tsx(12,22): error TS2307: Cannot find module '@/registry/elevenlabs-ui/ui/card' or its corresponding type declarations.
__elevenlabs_ui/apps/www/registry/elevenlabs-ui/blocks/pong-01/actions.ts(3,23): error TS2307: Cannot find module '@upstash/redis' or its corresponding type declarations.
__elevenlabs_ui/apps/www/registry/elevenlabs-ui/blocks/pong-01/components/game-engine.ts(1,30): error TS2307: Cannot find module '@/registry/elevenlabs-ui/blocks/pong-01/components/sound-manager' or its corresponding type declarations.
__elevenlabs_ui/apps/www/registry/elevenlabs-ui/blocks/pong-01/components/player-indicator.tsx(5,39): error TS2307: Cannot find module '@/registry/elevenlabs-ui/blocks/pong-01/actions' or its corresponding type declarations.
__elevenlabs_ui/apps/www/registry/elevenlabs-ui/blocks/pong-01/components/player-indicator.tsx(6,44): error TS2307: Cannot find module '@/registry/elevenlabs-ui/ui/matrix' or its corresponding type declarations.
__elevenlabs_ui/apps/www/registry/elevenlabs-ui/blocks/pong-01/components/pong-game.tsx(8,8): error TS2307: Cannot find module '@/registry/elevenlabs-ui/blocks/pong-01/components/game-engine' or its corresponding type declarations.
__elevenlabs_ui/apps/www/registry/elevenlabs-ui/blocks/pong-01/components/pong-game.tsx(9,33): error TS2307: Cannot find module '@/registry/elevenlabs-ui/blocks/pong-01/components/player-indicator' or its corresponding type declarations.
__elevenlabs_ui/apps/www/registry/elevenlabs-ui/blocks/pong-01/components/pong-game.tsx(10,44): error TS2307: Cannot find module '@/registry/elevenlabs-ui/ui/matrix' or its corresponding type declarations.
__elevenlabs_ui/apps/www/registry/elevenlabs-ui/blocks/pong-01/page.tsx(1,26): error TS2307: Cannot find module '@/registry/elevenlabs-ui/blocks/pong-01/components/pong-game' or its corresponding type declarations.
__elevenlabs_ui/apps/www/registry/elevenlabs-ui/blocks/realtime-transcriber-01/components/language-selector.tsx(6,24): error TS2307: Cannot find module '@/registry/elevenlabs-ui/ui/button' or its corresponding type declarations.
__elevenlabs_ui/apps/www/registry/elevenlabs-ui/blocks/realtime-transcriber-01/components/language-selector.tsx(14,8): error TS2307: Cannot find module '@/registry/elevenlabs-ui/ui/command' or its corresponding type declarations.
__elevenlabs_ui/apps/www/registry/elevenlabs-ui/blocks/realtime-transcriber-01/components/language-selector.tsx(19,8): error TS2307: Cannot find module '@/registry/elevenlabs-ui/ui/popover' or its corresponding type declarations.
__elevenlabs_ui/apps/www/registry/elevenlabs-ui/blocks/realtime-transcriber-01/page.tsx(4,18): error TS2307: Cannot find module 'next/link' or its corresponding type declarations.
__elevenlabs_ui/apps/www/registry/elevenlabs-ui/blocks/realtime-transcriber-01/page.tsx(8,20): error TS2307: Cannot find module '@/lib/utils' or its corresponding type declarations.
__elevenlabs_ui/apps/www/registry/elevenlabs-ui/blocks/realtime-transcriber-01/page.tsx(9,29): error TS2307: Cannot find module '@/registry/elevenlabs-ui/hooks/use-debounce' or its corresponding type declarations.
__elevenlabs_ui/apps/www/registry/elevenlabs-ui/blocks/realtime-transcriber-01/page.tsx(10,29): error TS2307: Cannot find module '@/registry/elevenlabs-ui/hooks/use-previous' or its corresponding type declarations.
__elevenlabs_ui/apps/www/registry/elevenlabs-ui/blocks/realtime-transcriber-01/page.tsx(11,27): error TS2307: Cannot find module '@/registry/elevenlabs-ui/hooks/use-scribe' or its corresponding type declarations.
__elevenlabs_ui/apps/www/registry/elevenlabs-ui/blocks/realtime-transcriber-01/page.tsx(12,23): error TS2307: Cannot find module '@/registry/elevenlabs-ui/ui/badge' or its corresponding type declarations.
__elevenlabs_ui/apps/www/registry/elevenlabs-ui/blocks/realtime-transcriber-01/page.tsx(13,24): error TS2307: Cannot find module '@/registry/elevenlabs-ui/ui/button' or its corresponding type declarations.
__elevenlabs_ui/apps/www/registry/elevenlabs-ui/blocks/realtime-transcriber-01/page.tsx(14,32): error TS2307: Cannot find module '@/registry/elevenlabs-ui/ui/shimmering-text' or its corresponding type declarations.
__elevenlabs_ui/apps/www/registry/elevenlabs-ui/blocks/realtime-transcriber-01/page.tsx(547,14): error TS2322: Type '{ children: string; jsx: true; }' is not assignable to type 'DetailedHTMLProps<StyleHTMLAttributes<HTMLStyleElement>, HTMLStyleElement>'.
  Property 'jsx' does not exist on type 'DetailedHTMLProps<StyleHTMLAttributes<HTMLStyleElement>, HTMLStyleElement>'.
__elevenlabs_ui/apps/www/registry/elevenlabs-ui/blocks/speaker-01/components/speaker.tsx(4,18): error TS2307: Cannot find module 'next/link' or its corresponding type declarations.
__elevenlabs_ui/apps/www/registry/elevenlabs-ui/blocks/speaker-01/components/speaker.tsx(16,20): error TS2307: Cannot find module '@/registry/elevenlabs-ui/lib/utils' or its corresponding type declarations.
__elevenlabs_ui/apps/www/registry/elevenlabs-ui/blocks/speaker-01/components/speaker.tsx(25,8): error TS2307: Cannot find module '@/registry/elevenlabs-ui/ui/audio-player' or its corresponding type declarations.
__elevenlabs_ui/apps/www/registry/elevenlabs-ui/blocks/speaker-01/components/speaker.tsx(26,24): error TS2307: Cannot find module '@/registry/elevenlabs-ui/ui/button' or its corresponding type declarations.
__elevenlabs_ui/apps/www/registry/elevenlabs-ui/blocks/speaker-01/components/speaker.tsx(27,22): error TS2307: Cannot find module '@/registry/elevenlabs-ui/ui/card' or its corresponding type declarations.
__elevenlabs_ui/apps/www/registry/elevenlabs-ui/blocks/speaker-01/components/speaker.tsx(28,21): error TS2307: Cannot find module '@/registry/elevenlabs-ui/ui/orb' or its corresponding type declarations.
__elevenlabs_ui/apps/www/registry/elevenlabs-ui/blocks/speaker-01/components/speaker.tsx(29,26): error TS2307: Cannot find module '@/registry/elevenlabs-ui/ui/waveform' or its corresponding type declarations.
__elevenlabs_ui/apps/www/registry/elevenlabs-ui/blocks/speaker-01/page.tsx(1,25): error TS2307: Cannot find module '@/registry/elevenlabs-ui/blocks/speaker-01/components/speaker' or its corresponding type declarations.
__elevenlabs_ui/apps/www/registry/elevenlabs-ui/blocks/transcriber-01/actions/transcribe.ts(3,34): error TS2307: Cannot find module '@elevenlabs/elevenlabs-js' or its corresponding type declarations.
__elevenlabs_ui/apps/www/registry/elevenlabs-ui/blocks/transcriber-01/actions/transcribe.ts(4,48): error TS2307: Cannot find module '@elevenlabs/elevenlabs-js/api/types/SpeechToTextChunkResponseModel' or its corresponding type declarations.
__elevenlabs_ui/apps/www/registry/elevenlabs-ui/blocks/transcriber-01/page.tsx(5,28): error TS2307: Cannot find module 'streamdown' or its corresponding type declarations.
__elevenlabs_ui/apps/www/registry/elevenlabs-ui/blocks/transcriber-01/page.tsx(7,20): error TS2307: Cannot find module '@/lib/utils' or its corresponding type declarations.
__elevenlabs_ui/apps/www/registry/elevenlabs-ui/blocks/transcriber-01/page.tsx(11,8): error TS2307: Cannot find module '@/registry/elevenlabs-ui/blocks/transcriber-01/actions/transcribe' or its corresponding type declarations.
__elevenlabs_ui/apps/www/registry/elevenlabs-ui/blocks/transcriber-01/page.tsx(12,24): error TS2307: Cannot find module '@/registry/elevenlabs-ui/ui/button' or its corresponding type declarations.
__elevenlabs_ui/apps/www/registry/elevenlabs-ui/blocks/transcriber-01/page.tsx(13,22): error TS2307: Cannot find module '@/registry/elevenlabs-ui/ui/card' or its corresponding type declarations.
__elevenlabs_ui/apps/www/registry/elevenlabs-ui/blocks/transcriber-01/page.tsx(14,30): error TS2307: Cannot find module '@/registry/elevenlabs-ui/ui/live-waveform' or its corresponding type declarations.
__elevenlabs_ui/apps/www/registry/elevenlabs-ui/blocks/transcriber-01/page.tsx(15,28): error TS2307: Cannot find module '@/registry/elevenlabs-ui/ui/scroll-area' or its corresponding type declarations.
__elevenlabs_ui/apps/www/registry/elevenlabs-ui/blocks/transcriber-01/page.tsx(16,27): error TS2307: Cannot find module '@/registry/elevenlabs-ui/ui/separator' or its corresponding type declarations.
__elevenlabs_ui/apps/www/registry/elevenlabs-ui/blocks/voice-chat-01/page.tsx(5,33): error TS2307: Cannot find module '@elevenlabs/react' or its corresponding type declarations.
__elevenlabs_ui/apps/www/registry/elevenlabs-ui/blocks/voice-chat-01/page.tsx(14,20): error TS2307: Cannot find module '@/registry/elevenlabs-ui/lib/utils' or its corresponding type declarations.
__elevenlabs_ui/apps/www/registry/elevenlabs-ui/blocks/voice-chat-01/page.tsx(15,24): error TS2307: Cannot find module '@/registry/elevenlabs-ui/ui/button' or its corresponding type declarations.
__elevenlabs_ui/apps/www/registry/elevenlabs-ui/blocks/voice-chat-01/page.tsx(21,8): error TS2307: Cannot find module '@/registry/elevenlabs-ui/ui/card' or its corresponding type declarations.
__elevenlabs_ui/apps/www/registry/elevenlabs-ui/blocks/voice-chat-01/page.tsx(27,8): error TS2307: Cannot find module '@/registry/elevenlabs-ui/ui/conversation' or its corresponding type declarations.
__elevenlabs_ui/apps/www/registry/elevenlabs-ui/blocks/voice-chat-01/page.tsx(28,23): error TS2307: Cannot find module '@/registry/elevenlabs-ui/ui/input' or its corresponding type declarations.
__elevenlabs_ui/apps/www/registry/elevenlabs-ui/blocks/voice-chat-01/page.tsx(29,41): error TS2307: Cannot find module '@/registry/elevenlabs-ui/ui/message' or its corresponding type declarations.
__elevenlabs_ui/apps/www/registry/elevenlabs-ui/blocks/voice-chat-01/page.tsx(30,21): error TS2307: Cannot find module '@/registry/elevenlabs-ui/ui/orb' or its corresponding type declarations.
__elevenlabs_ui/apps/www/registry/elevenlabs-ui/blocks/voice-chat-01/page.tsx(31,26): error TS2307: Cannot find module '@/registry/elevenlabs-ui/ui/response' or its corresponding type declarations.
__elevenlabs_ui/apps/www/registry/elevenlabs-ui/blocks/voice-chat-01/page.tsx(32,32): error TS2307: Cannot find module '@/registry/elevenlabs-ui/ui/shimmering-text' or its corresponding type declarations.
__elevenlabs_ui/apps/www/registry/elevenlabs-ui/blocks/voice-chat-01/page.tsx(38,8): error TS2307: Cannot find module '@/registry/elevenlabs-ui/ui/tooltip' or its corresponding type declarations.
__elevenlabs_ui/apps/www/registry/elevenlabs-ui/blocks/voice-chat-02/page.tsx(4,33): error TS2307: Cannot find module '@elevenlabs/react' or its corresponding type declarations.
__elevenlabs_ui/apps/www/registry/elevenlabs-ui/blocks/voice-chat-02/page.tsx(8,20): error TS2307: Cannot find module '@/lib/utils' or its corresponding type declarations.
__elevenlabs_ui/apps/www/registry/elevenlabs-ui/blocks/voice-chat-02/page.tsx(9,24): error TS2307: Cannot find module '@/registry/elevenlabs-ui/ui/button' or its corresponding type declarations.
__elevenlabs_ui/apps/www/registry/elevenlabs-ui/blocks/voice-chat-02/page.tsx(10,22): error TS2307: Cannot find module '@/registry/elevenlabs-ui/ui/card' or its corresponding type declarations.
__elevenlabs_ui/apps/www/registry/elevenlabs-ui/blocks/voice-chat-02/page.tsx(11,21): error TS2307: Cannot find module '@/registry/elevenlabs-ui/ui/orb' or its corresponding type declarations.
__elevenlabs_ui/apps/www/registry/elevenlabs-ui/blocks/voice-chat-02/page.tsx(12,32): error TS2307: Cannot find module '@/registry/elevenlabs-ui/ui/shimmering-text' or its corresponding type declarations.
__elevenlabs_ui/apps/www/registry/elevenlabs-ui/blocks/voice-chat-03/page.tsx(6,20): error TS2307: Cannot find module '@/registry/elevenlabs-ui/lib/utils' or its corresponding type declarations.
__elevenlabs_ui/apps/www/registry/elevenlabs-ui/blocks/voice-chat-03/page.tsx(7,24): error TS2307: Cannot find module '@/registry/elevenlabs-ui/ui/button' or its corresponding type declarations.
__elevenlabs_ui/apps/www/registry/elevenlabs-ui/blocks/voice-chat-03/page.tsx(8,35): error TS2307: Cannot find module '@/registry/elevenlabs-ui/ui/card' or its corresponding type declarations.
__elevenlabs_ui/apps/www/registry/elevenlabs-ui/blocks/voice-chat-03/page.tsx(14,8): error TS2307: Cannot find module '@/registry/elevenlabs-ui/ui/conversation' or its corresponding type declarations.
__elevenlabs_ui/apps/www/registry/elevenlabs-ui/blocks/voice-chat-03/page.tsx(15,33): error TS2307: Cannot find module '@/registry/elevenlabs-ui/ui/conversation-bar' or its corresponding type declarations.
__elevenlabs_ui/apps/www/registry/elevenlabs-ui/blocks/voice-chat-03/page.tsx(16,41): error TS2307: Cannot find module '@/registry/elevenlabs-ui/ui/message' or its corresponding type declarations.
__elevenlabs_ui/apps/www/registry/elevenlabs-ui/blocks/voice-chat-03/page.tsx(17,21): error TS2307: Cannot find module '@/registry/elevenlabs-ui/ui/orb' or its corresponding type declarations.
__elevenlabs_ui/apps/www/registry/elevenlabs-ui/blocks/voice-chat-03/page.tsx(18,26): error TS2307: Cannot find module '@/registry/elevenlabs-ui/ui/response' or its corresponding type declarations.
__elevenlabs_ui/apps/www/registry/elevenlabs-ui/blocks/voice-chat-03/page.tsx(24,8): error TS2307: Cannot find module '@/registry/elevenlabs-ui/ui/tooltip' or its corresponding type declarations.
__elevenlabs_ui/apps/www/registry/elevenlabs-ui/blocks/voice-form-01/actions/voice-to-form.ts(3,34): error TS2307: Cannot find module '@elevenlabs/elevenlabs-js' or its corresponding type declarations.
__elevenlabs_ui/apps/www/registry/elevenlabs-ui/blocks/voice-form-01/actions/voice-to-form.ts(4,48): error TS2307: Cannot find module '@elevenlabs/elevenlabs-js/api/types/SpeechToTextChunkResponseModel' or its corresponding type declarations.
__elevenlabs_ui/apps/www/registry/elevenlabs-ui/blocks/voice-form-01/actions/voice-to-form.ts(5,32): error TS2307: Cannot find module 'ai' or its corresponding type declarations.
__elevenlabs_ui/apps/www/registry/elevenlabs-ui/blocks/voice-form-01/actions/voice-to-form.ts(7,35): error TS2307: Cannot find module '@/registry/elevenlabs-ui/blocks/voice-form-01/schema' or its corresponding type declarations.
__elevenlabs_ui/apps/www/registry/elevenlabs-ui/blocks/voice-form-01/page.tsx(4,29): error TS2307: Cannot find module '@hookform/resolvers/zod' or its corresponding type declarations.
__elevenlabs_ui/apps/www/registry/elevenlabs-ui/blocks/voice-form-01/page.tsx(5,25): error TS2307: Cannot find module 'react-hook-form' or its corresponding type declarations.
__elevenlabs_ui/apps/www/registry/elevenlabs-ui/blocks/voice-form-01/page.tsx(7,20): error TS2307: Cannot find module '@/lib/utils' or its corresponding type declarations.
__elevenlabs_ui/apps/www/registry/elevenlabs-ui/blocks/voice-form-01/page.tsx(8,35): error TS2307: Cannot find module '@/registry/elevenlabs-ui/blocks/voice-form-01/actions/voice-to-form' or its corresponding type declarations.
__elevenlabs_ui/apps/www/registry/elevenlabs-ui/blocks/voice-form-01/page.tsx(12,8): error TS2307: Cannot find module '@/registry/elevenlabs-ui/blocks/voice-form-01/schema' or its corresponding type declarations.
__elevenlabs_ui/apps/www/registry/elevenlabs-ui/blocks/voice-form-01/page.tsx(13,24): error TS2307: Cannot find module '@/registry/elevenlabs-ui/ui/button' or its corresponding type declarations.
__elevenlabs_ui/apps/www/registry/elevenlabs-ui/blocks/voice-form-01/page.tsx(20,8): error TS2307: Cannot find module '@/registry/elevenlabs-ui/ui/card' or its corresponding type declarations.
__elevenlabs_ui/apps/www/registry/elevenlabs-ui/blocks/voice-form-01/page.tsx(28,8): error TS2307: Cannot find module '@/registry/elevenlabs-ui/ui/form' or its corresponding type declarations.
__elevenlabs_ui/apps/www/registry/elevenlabs-ui/blocks/voice-form-01/page.tsx(29,23): error TS2307: Cannot find module '@/registry/elevenlabs-ui/ui/input' or its corresponding type declarations.
__elevenlabs_ui/apps/www/registry/elevenlabs-ui/blocks/voice-form-01/page.tsx(30,29): error TS2307: Cannot find module '@/registry/elevenlabs-ui/ui/voice-button' or its corresponding type declarations.
__elevenlabs_ui/apps/www/registry/elevenlabs-ui/blocks/voice-form-01/schema.ts(1,19): error TS2307: Cannot find module 'zod' or its corresponding type declarations.
__elevenlabs_ui/apps/www/registry/elevenlabs-ui/blocks/voice-nav-01/actions/voice-to-site.ts(3,34): error TS2307: Cannot find module '@elevenlabs/elevenlabs-js' or its corresponding type declarations.
__elevenlabs_ui/apps/www/registry/elevenlabs-ui/blocks/voice-nav-01/actions/voice-to-site.ts(4,48): error TS2307: Cannot find module '@elevenlabs/elevenlabs-js/api/types/SpeechToTextChunkResponseModel' or its corresponding type declarations.
__elevenlabs_ui/apps/www/registry/elevenlabs-ui/blocks/voice-nav-01/actions/voice-to-site.ts(5,32): error TS2307: Cannot find module 'ai' or its corresponding type declarations.
__elevenlabs_ui/apps/www/registry/elevenlabs-ui/blocks/voice-nav-01/actions/voice-to-site.ts(6,19): error TS2307: Cannot find module 'zod' or its corresponding type declarations.
__elevenlabs_ui/apps/www/registry/elevenlabs-ui/blocks/voice-nav-01/page.tsx(5,20): error TS2307: Cannot find module '@/lib/utils' or its corresponding type declarations.
__elevenlabs_ui/apps/www/registry/elevenlabs-ui/blocks/voice-nav-01/page.tsx(6,35): error TS2307: Cannot find module '@/registry/elevenlabs-ui/blocks/voice-nav-01/actions/voice-to-site' or its corresponding type declarations.
__elevenlabs_ui/apps/www/registry/elevenlabs-ui/blocks/voice-nav-01/page.tsx(12,8): error TS2307: Cannot find module '@/registry/elevenlabs-ui/ui/card' or its corresponding type declarations.
__elevenlabs_ui/apps/www/registry/elevenlabs-ui/blocks/voice-nav-01/page.tsx(13,29): error TS2307: Cannot find module '@/registry/elevenlabs-ui/ui/voice-button' or its corresponding type declarations.
__elevenlabs_ui/apps/www/registry/elevenlabs-ui/examples/audio-player-demo.tsx(5,20): error TS2307: Cannot find module '@/registry/elevenlabs-ui/lib/utils' or its corresponding type declarations.
__elevenlabs_ui/apps/www/registry/elevenlabs-ui/examples/audio-player-demo.tsx(15,8): error TS2307: Cannot find module '@/registry/elevenlabs-ui/ui/audio-player' or its corresponding type declarations.
__elevenlabs_ui/apps/www/registry/elevenlabs-ui/examples/audio-player-demo.tsx(16,24): error TS2307: Cannot find module '@/registry/elevenlabs-ui/ui/button' or its corresponding type declarations.
__elevenlabs_ui/apps/www/registry/elevenlabs-ui/examples/audio-player-demo.tsx(17,22): error TS2307: Cannot find module '@/registry/elevenlabs-ui/ui/card' or its corresponding type declarations.
__elevenlabs_ui/apps/www/registry/elevenlabs-ui/examples/audio-player-demo.tsx(18,28): error TS2307: Cannot find module '@/registry/elevenlabs-ui/ui/scroll-area' or its corresponding type declarations.
__elevenlabs_ui/apps/www/registry/elevenlabs-ui/examples/bar-visualizer-demo.tsx(8,8): error TS2307: Cannot find module '@/registry/elevenlabs-ui/ui/bar-visualizer' or its corresponding type declarations.
__elevenlabs_ui/apps/www/registry/elevenlabs-ui/examples/bar-visualizer-demo.tsx(9,24): error TS2307: Cannot find module '@/registry/elevenlabs-ui/ui/button' or its corresponding type declarations.
__elevenlabs_ui/apps/www/registry/elevenlabs-ui/examples/bar-visualizer-demo.tsx(16,8): error TS2307: Cannot find module '@/registry/elevenlabs-ui/ui/card' or its corresponding type declarations.
__elevenlabs_ui/apps/www/registry/elevenlabs-ui/examples/conversation-bar-demo.tsx(3,33): error TS2307: Cannot find module '@/registry/elevenlabs-ui/ui/conversation-bar' or its corresponding type declarations.
__elevenlabs_ui/apps/www/registry/elevenlabs-ui/examples/conversation-demo.tsx(5,22): error TS2307: Cannot find module '@/registry/elevenlabs-ui/ui/card' or its corresponding type declarations.
__elevenlabs_ui/apps/www/registry/elevenlabs-ui/examples/conversation-demo.tsx(11,8): error TS2307: Cannot find module '@/registry/elevenlabs-ui/ui/conversation' or its corresponding type declarations.
__elevenlabs_ui/apps/www/registry/elevenlabs-ui/examples/conversation-demo.tsx(12,41): error TS2307: Cannot find module '@/registry/elevenlabs-ui/ui/message' or its corresponding type declarations.
__elevenlabs_ui/apps/www/registry/elevenlabs-ui/examples/conversation-demo.tsx(13,21): error TS2307: Cannot find module '@/registry/elevenlabs-ui/ui/orb' or its corresponding type declarations.
__elevenlabs_ui/apps/www/registry/elevenlabs-ui/examples/conversation-demo.tsx(14,26): error TS2307: Cannot find module '@/registry/elevenlabs-ui/ui/response' or its corresponding type declarations.
__elevenlabs_ui/apps/www/registry/elevenlabs-ui/examples/live-waveform-demo.tsx(5,24): error TS2307: Cannot find module '@/registry/elevenlabs-ui/ui/button' or its corresponding type declarations.
__elevenlabs_ui/apps/www/registry/elevenlabs-ui/examples/live-waveform-demo.tsx(6,30): error TS2307: Cannot find module '@/registry/elevenlabs-ui/ui/live-waveform' or its corresponding type declarations.
__elevenlabs_ui/apps/www/registry/elevenlabs-ui/examples/matrix-demo.tsx(11,8): error TS2307: Cannot find module '@/registry/elevenlabs-ui/ui/matrix' or its corresponding type declarations.
__elevenlabs_ui/apps/www/registry/elevenlabs-ui/examples/message-demo.tsx(5,41): error TS2307: Cannot find module '@/registry/elevenlabs-ui/ui/message' or its corresponding type declarations.
__elevenlabs_ui/apps/www/registry/elevenlabs-ui/examples/message-demo.tsx(6,21): error TS2307: Cannot find module '@/registry/elevenlabs-ui/ui/orb' or its corresponding type declarations.
__elevenlabs_ui/apps/www/registry/elevenlabs-ui/examples/message-demo.tsx(7,26): error TS2307: Cannot find module '@/registry/elevenlabs-ui/ui/response' or its corresponding type declarations.
__elevenlabs_ui/apps/www/registry/elevenlabs-ui/examples/message-demo.tsx(118,14): error TS2322: Type '{ children: string; jsx: true; global: true; }' is not assignable to type 'DetailedHTMLProps<StyleHTMLAttributes<HTMLStyleElement>, HTMLStyleElement>'.
  Property 'jsx' does not exist on type 'DetailedHTMLProps<StyleHTMLAttributes<HTMLStyleElement>, HTMLStyleElement>'.
__elevenlabs_ui/apps/www/registry/elevenlabs-ui/examples/mic-selector-demo.tsx(6,20): error TS2307: Cannot find module '@/lib/utils' or its corresponding type declarations.
__elevenlabs_ui/apps/www/registry/elevenlabs-ui/examples/mic-selector-demo.tsx(7,24): error TS2307: Cannot find module '@/registry/elevenlabs-ui/ui/button' or its corresponding type declarations.
__elevenlabs_ui/apps/www/registry/elevenlabs-ui/examples/mic-selector-demo.tsx(8,22): error TS2307: Cannot find module '@/registry/elevenlabs-ui/ui/card' or its corresponding type declarations.
__elevenlabs_ui/apps/www/registry/elevenlabs-ui/examples/mic-selector-demo.tsx(9,30): error TS2307: Cannot find module '@/registry/elevenlabs-ui/ui/live-waveform' or its corresponding type declarations.
__elevenlabs_ui/apps/www/registry/elevenlabs-ui/examples/mic-selector-demo.tsx(10,29): error TS2307: Cannot find module '@/registry/elevenlabs-ui/ui/mic-selector' or its corresponding type declarations.
__elevenlabs_ui/apps/www/registry/elevenlabs-ui/examples/mic-selector-demo.tsx(11,27): error TS2307: Cannot find module '@/registry/elevenlabs-ui/ui/separator' or its corresponding type declarations.
__elevenlabs_ui/apps/www/registry/elevenlabs-ui/examples/orb-demo.tsx(5,24): error TS2307: Cannot find module '@/registry/elevenlabs-ui/ui/button' or its corresponding type declarations.
__elevenlabs_ui/apps/www/registry/elevenlabs-ui/examples/orb-demo.tsx(6,33): error TS2307: Cannot find module '@/registry/elevenlabs-ui/ui/orb' or its corresponding type declarations.
__elevenlabs_ui/apps/www/registry/elevenlabs-ui/examples/response-demo.tsx(5,26): error TS2307: Cannot find module '@/registry/elevenlabs-ui/ui/response' or its corresponding type declarations.
__elevenlabs_ui/apps/www/registry/elevenlabs-ui/examples/scrub-bar-demo.tsx(11,8): error TS2307: Cannot find module '@/registry/elevenlabs-ui/ui/scrub-bar' or its corresponding type declarations.
__elevenlabs_ui/apps/www/registry/elevenlabs-ui/examples/shimmering-text-demo.tsx(6,32): error TS2307: Cannot find module '@/registry/elevenlabs-ui/ui/shimmering-text' or its corresponding type declarations.
__elevenlabs_ui/apps/www/registry/elevenlabs-ui/examples/speech-input-demo.tsx(6,32): error TS2307: Cannot find module '@/registry/elevenlabs-ui/blocks/realtime-transcriber-01/actions/get-scribe-token' or its corresponding type declarations.
__elevenlabs_ui/apps/www/registry/elevenlabs-ui/examples/speech-input-demo.tsx(7,23): error TS2307: Cannot find module '@/registry/elevenlabs-ui/ui/input' or its corresponding type declarations.
__elevenlabs_ui/apps/www/registry/elevenlabs-ui/examples/speech-input-demo.tsx(13,8): error TS2307: Cannot find module '@/registry/elevenlabs-ui/ui/speech-input' or its corresponding type declarations.
__elevenlabs_ui/apps/www/registry/elevenlabs-ui/examples/speech-input-demo.tsx(14,26): error TS2307: Cannot find module '@/registry/elevenlabs-ui/ui/textarea' or its corresponding type declarations.
__elevenlabs_ui/apps/www/registry/elevenlabs-ui/examples/transcript-viewer-demo.tsx(13,8): error TS2307: Cannot find module '@/registry/elevenlabs-ui/ui/transcript-viewer' or its corresponding type declarations.
__elevenlabs_ui/apps/www/registry/elevenlabs-ui/examples/voice-button-demo.tsx(5,29): error TS2307: Cannot find module '@/registry/elevenlabs-ui/ui/voice-button' or its corresponding type declarations.
__elevenlabs_ui/apps/www/registry/elevenlabs-ui/examples/voice-picker-demo.tsx(4,33): error TS2307: Cannot find module '@elevenlabs/elevenlabs-js' or its corresponding type declarations.
__elevenlabs_ui/apps/www/registry/elevenlabs-ui/examples/voice-picker-demo.tsx(6,29): error TS2307: Cannot find module '@/registry/elevenlabs-ui/ui/voice-picker' or its corresponding type declarations.
__elevenlabs_ui/apps/www/registry/elevenlabs-ui/examples/waveform-demo.tsx(3,35): error TS2307: Cannot find module '@/registry/elevenlabs-ui/ui/waveform' or its corresponding type declarations.
__elevenlabs_ui/apps/www/registry/elevenlabs-ui/hooks/use-scribe.ts(4,40): error TS2307: Cannot find module '@elevenlabs/client' or its corresponding type declarations.
__elevenlabs_ui/apps/www/registry/elevenlabs-ui/hooks/use-scribe.ts(27,8): error TS2307: Cannot find module '@elevenlabs/client' or its corresponding type declarations.
__elevenlabs_ui/apps/www/registry/elevenlabs-ui/hooks/use-scribe.ts(622,61): error TS2307: Cannot find module '@elevenlabs/client' or its corresponding type declarations.
__elevenlabs_ui/apps/www/registry/elevenlabs-ui/hooks/use-scribe.ts(623,41): error TS2307: Cannot find module '@elevenlabs/client' or its corresponding type declarations.
__elevenlabs_ui/apps/www/registry/elevenlabs-ui/hooks/use-transcript-viewer.ts(11,54): error TS2307: Cannot find module '@elevenlabs/elevenlabs-js/api/types/CharacterAlignmentResponseModel' or its corresponding type declarations.
__elevenlabs_ui/apps/www/registry/elevenlabs-ui/ui/accordion.tsx(4,37): error TS2307: Cannot find module '@radix-ui/react-accordion' or its corresponding type declarations.
__elevenlabs_ui/apps/www/registry/elevenlabs-ui/ui/accordion.tsx(7,20): error TS2307: Cannot find module '@/lib/utils' or its corresponding type declarations.
__elevenlabs_ui/apps/www/registry/elevenlabs-ui/ui/alert-dialog.tsx(4,39): error TS2307: Cannot find module '@radix-ui/react-alert-dialog' or its corresponding type declarations.
__elevenlabs_ui/apps/www/registry/elevenlabs-ui/ui/alert-dialog.tsx(6,20): error TS2307: Cannot find module '@/lib/utils' or its corresponding type declarations.
__elevenlabs_ui/apps/www/registry/elevenlabs-ui/ui/alert-dialog.tsx(7,32): error TS2307: Cannot find module '@/registry/elevenlabs-ui/ui/button' or its corresponding type declarations.
__elevenlabs_ui/apps/www/registry/elevenlabs-ui/ui/alert.tsx(4,20): error TS2307: Cannot find module '@/lib/utils' or its corresponding type declarations.
__elevenlabs_ui/apps/www/registry/elevenlabs-ui/ui/aspect-ratio.tsx(3,39): error TS2307: Cannot find module '@radix-ui/react-aspect-ratio' or its corresponding type declarations.
__elevenlabs_ui/apps/www/registry/elevenlabs-ui/ui/audio-player.tsx(16,34): error TS2307: Cannot find module '@radix-ui/react-slider' or its corresponding type declarations.
__elevenlabs_ui/apps/www/registry/elevenlabs-ui/ui/audio-player.tsx(19,20): error TS2307: Cannot find module '@/lib/utils' or its corresponding type declarations.
__elevenlabs_ui/apps/www/registry/elevenlabs-ui/ui/audio-player.tsx(20,24): error TS2307: Cannot find module '@/registry/elevenlabs-ui/ui/button' or its corresponding type declarations.
__elevenlabs_ui/apps/www/registry/elevenlabs-ui/ui/audio-player.tsx(26,8): error TS2307: Cannot find module '@/registry/elevenlabs-ui/ui/dropdown-menu' or its corresponding type declarations.
__elevenlabs_ui/apps/www/registry/elevenlabs-ui/ui/audio-player.tsx(408,3): error TS2339: Property 'className' does not exist on type 'PlayButtonProps'.
__elevenlabs_ui/apps/www/registry/elevenlabs-ui/ui/audio-player.tsx(409,3): error TS2339: Property 'onClick' does not exist on type 'PlayButtonProps'.
__elevenlabs_ui/apps/www/registry/elevenlabs-ui/ui/audio-player.tsx(529,3): error TS2339: Property 'className' does not exist on type 'AudioPlayerSpeedProps'.
__elevenlabs_ui/apps/www/registry/elevenlabs-ui/ui/audio-player.tsx(530,3): error TS2339: Property 'variant' does not exist on type 'AudioPlayerSpeedProps'.
__elevenlabs_ui/apps/www/registry/elevenlabs-ui/ui/audio-player.tsx(531,3): error TS2339: Property 'size' does not exist on type 'AudioPlayerSpeedProps'.
__elevenlabs_ui/apps/www/registry/elevenlabs-ui/ui/avatar.tsx(4,34): error TS2307: Cannot find module '@radix-ui/react-avatar' or its corresponding type declarations.
__elevenlabs_ui/apps/www/registry/elevenlabs-ui/ui/avatar.tsx(6,20): error TS2307: Cannot find module '@/lib/utils' or its corresponding type declarations.
__elevenlabs_ui/apps/www/registry/elevenlabs-ui/ui/badge.tsx(5,20): error TS2307: Cannot find module '@/lib/utils' or its corresponding type declarations.
__elevenlabs_ui/apps/www/registry/elevenlabs-ui/ui/bar-visualizer.tsx(13,20): error TS2307: Cannot find module '@/lib/utils' or its corresponding type declarations.
__elevenlabs_ui/apps/www/registry/elevenlabs-ui/ui/breadcrumb.tsx(5,20): error TS2307: Cannot find module '@/lib/utils' or its corresponding type declarations.
__elevenlabs_ui/apps/www/registry/elevenlabs-ui/ui/button.tsx(5,20): error TS2307: Cannot find module '@/lib/utils' or its corresponding type declarations.
__elevenlabs_ui/apps/www/registry/elevenlabs-ui/ui/calendar.tsx(9,60): error TS2307: Cannot find module 'react-day-picker' or its corresponding type declarations.
__elevenlabs_ui/apps/www/registry/elevenlabs-ui/ui/calendar.tsx(11,20): error TS2307: Cannot find module '@/lib/utils' or its corresponding type declarations.
__elevenlabs_ui/apps/www/registry/elevenlabs-ui/ui/calendar.tsx(12,40): error TS2307: Cannot find module '@/registry/elevenlabs-ui/ui/button' or its corresponding type declarations.
__elevenlabs_ui/apps/www/registry/elevenlabs-ui/ui/card.tsx(3,20): error TS2307: Cannot find module '@/lib/utils' or its corresponding type declarations.
__elevenlabs_ui/apps/www/registry/elevenlabs-ui/ui/carousel.tsx(6,8): error TS2307: Cannot find module 'embla-carousel-react' or its corresponding type declarations.
__elevenlabs_ui/apps/www/registry/elevenlabs-ui/ui/carousel.tsx(9,20): error TS2307: Cannot find module '@/lib/utils' or its corresponding type declarations.
__elevenlabs_ui/apps/www/registry/elevenlabs-ui/ui/carousel.tsx(10,24): error TS2307: Cannot find module '@/registry/elevenlabs-ui/ui/button' or its corresponding type declarations.
__elevenlabs_ui/apps/www/registry/elevenlabs-ui/ui/chart.tsx(4,36): error TS2307: Cannot find module 'recharts' or its corresponding type declarations.
__elevenlabs_ui/apps/www/registry/elevenlabs-ui/ui/chart.tsx(6,20): error TS2307: Cannot find module '@/lib/utils' or its corresponding type declarations.
__elevenlabs_ui/apps/www/registry/elevenlabs-ui/ui/checkbox.tsx(7,20): error TS2307: Cannot find module '@/lib/utils' or its corresponding type declarations.
__elevenlabs_ui/apps/www/registry/elevenlabs-ui/ui/collapsible.tsx(3,39): error TS2307: Cannot find module '@radix-ui/react-collapsible' or its corresponding type declarations.
__elevenlabs_ui/apps/www/registry/elevenlabs-ui/ui/command.tsx(4,45): error TS2307: Cannot find module 'cmdk' or its corresponding type declarations.
__elevenlabs_ui/apps/www/registry/elevenlabs-ui/ui/command.tsx(7,20): error TS2307: Cannot find module '@/lib/utils' or its corresponding type declarations.
__elevenlabs_ui/apps/www/registry/elevenlabs-ui/ui/command.tsx(14,8): error TS2307: Cannot find module '@/registry/elevenlabs-ui/ui/dialog' or its corresponding type declarations.
__elevenlabs_ui/apps/www/registry/elevenlabs-ui/ui/context-menu.tsx(4,39): error TS2307: Cannot find module '@radix-ui/react-context-menu' or its corresponding type declarations.
__elevenlabs_ui/apps/www/registry/elevenlabs-ui/ui/context-menu.tsx(7,20): error TS2307: Cannot find module '@/lib/utils' or its corresponding type declarations.
__elevenlabs_ui/apps/www/registry/elevenlabs-ui/ui/conversation-bar.tsx(4,33): error TS2307: Cannot find module '@elevenlabs/react' or its corresponding type declarations.
__elevenlabs_ui/apps/www/registry/elevenlabs-ui/ui/conversation-bar.tsx(15,20): error TS2307: Cannot find module '@/lib/utils' or its corresponding type declarations.
__elevenlabs_ui/apps/www/registry/elevenlabs-ui/ui/conversation-bar.tsx(16,24): error TS2307: Cannot find module '@/registry/elevenlabs-ui/ui/button' or its corresponding type declarations.
__elevenlabs_ui/apps/www/registry/elevenlabs-ui/ui/conversation-bar.tsx(17,22): error TS2307: Cannot find module '@/registry/elevenlabs-ui/ui/card' or its corresponding type declarations.
__elevenlabs_ui/apps/www/registry/elevenlabs-ui/ui/conversation-bar.tsx(18,30): error TS2307: Cannot find module '@/registry/elevenlabs-ui/ui/live-waveform' or its corresponding type declarations.
__elevenlabs_ui/apps/www/registry/elevenlabs-ui/ui/conversation-bar.tsx(19,27): error TS2307: Cannot find module '@/registry/elevenlabs-ui/ui/separator' or its corresponding type declarations.
__elevenlabs_ui/apps/www/registry/elevenlabs-ui/ui/conversation-bar.tsx(20,26): error TS2307: Cannot find module '@/registry/elevenlabs-ui/ui/textarea' or its corresponding type declarations.
__elevenlabs_ui/apps/www/registry/elevenlabs-ui/ui/conversation.tsx(6,56): error TS2307: Cannot find module 'use-stick-to-bottom' or its corresponding type declarations.
__elevenlabs_ui/apps/www/registry/elevenlabs-ui/ui/conversation.tsx(8,20): error TS2307: Cannot find module '@/lib/utils' or its corresponding type declarations.
__elevenlabs_ui/apps/www/registry/elevenlabs-ui/ui/conversation.tsx(9,24): error TS2307: Cannot find module '@/registry/elevenlabs-ui/ui/button' or its corresponding type declarations.
__elevenlabs_ui/apps/www/registry/elevenlabs-ui/ui/dialog.tsx(7,20): error TS2307: Cannot find module '@/lib/utils' or its corresponding type declarations.
__elevenlabs_ui/apps/www/registry/elevenlabs-ui/ui/drawer.tsx(4,43): error TS2307: Cannot find module 'vaul' or its corresponding type declarations.
__elevenlabs_ui/apps/www/registry/elevenlabs-ui/ui/drawer.tsx(6,20): error TS2307: Cannot find module '@/lib/utils' or its corresponding type declarations.
__elevenlabs_ui/apps/www/registry/elevenlabs-ui/ui/dropdown-menu.tsx(7,20): error TS2307: Cannot find module '@/lib/utils' or its corresponding type declarations.
__elevenlabs_ui/apps/www/registry/elevenlabs-ui/ui/form.tsx(14,8): error TS2307: Cannot find module 'react-hook-form' or its corresponding type declarations.
__elevenlabs_ui/apps/www/registry/elevenlabs-ui/ui/form.tsx(16,20): error TS2307: Cannot find module '@/lib/utils' or its corresponding type declarations.
__elevenlabs_ui/apps/www/registry/elevenlabs-ui/ui/form.tsx(17,23): error TS2307: Cannot find module '@/registry/elevenlabs-ui/ui/label' or its corresponding type declarations.
__elevenlabs_ui/apps/www/registry/elevenlabs-ui/ui/hover-card.tsx(4,37): error TS2307: Cannot find module '@radix-ui/react-hover-card' or its corresponding type declarations.
__elevenlabs_ui/apps/www/registry/elevenlabs-ui/ui/hover-card.tsx(6,20): error TS2307: Cannot find module '@/lib/utils' or its corresponding type declarations.
__elevenlabs_ui/apps/www/registry/elevenlabs-ui/ui/input-otp.tsx(4,43): error TS2307: Cannot find module 'input-otp' or its corresponding type declarations.
__elevenlabs_ui/apps/www/registry/elevenlabs-ui/ui/input-otp.tsx(7,20): error TS2307: Cannot find module '@/lib/utils' or its corresponding type declarations.
__elevenlabs_ui/apps/www/registry/elevenlabs-ui/ui/input-otp.tsx(47,61): error TS2339: Property 'slots' does not exist on type 'unknown'.
__elevenlabs_ui/apps/www/registry/elevenlabs-ui/ui/input.tsx(3,20): error TS2307: Cannot find module '@/lib/utils' or its corresponding type declarations.
__elevenlabs_ui/apps/www/registry/elevenlabs-ui/ui/label.tsx(6,20): error TS2307: Cannot find module '@/lib/utils' or its corresponding type declarations.
__elevenlabs_ui/apps/www/registry/elevenlabs-ui/ui/live-waveform.tsx(5,20): error TS2307: Cannot find module '@/lib/utils' or its corresponding type declarations.
__elevenlabs_ui/apps/www/registry/elevenlabs-ui/ui/matrix.tsx(6,20): error TS2307: Cannot find module '@/lib/utils' or its corresponding type declarations.
__elevenlabs_ui/apps/www/registry/elevenlabs-ui/ui/menubar.tsx(4,35): error TS2307: Cannot find module '@radix-ui/react-menubar' or its corresponding type declarations.
__elevenlabs_ui/apps/www/registry/elevenlabs-ui/ui/menubar.tsx(7,20): error TS2307: Cannot find module '@/lib/utils' or its corresponding type declarations.
__elevenlabs_ui/apps/www/registry/elevenlabs-ui/ui/message.tsx(4,20): error TS2307: Cannot find module '@/lib/utils' or its corresponding type declarations.
__elevenlabs_ui/apps/www/registry/elevenlabs-ui/ui/message.tsx(9,8): error TS2307: Cannot find module '@/registry/elevenlabs-ui/ui/avatar' or its corresponding type declarations.
__elevenlabs_ui/apps/www/registry/elevenlabs-ui/ui/mic-selector.tsx(6,20): error TS2307: Cannot find module '@/lib/utils' or its corresponding type declarations.
__elevenlabs_ui/apps/www/registry/elevenlabs-ui/ui/mic-selector.tsx(7,24): error TS2307: Cannot find module '@/registry/elevenlabs-ui/ui/button' or its corresponding type declarations.
__elevenlabs_ui/apps/www/registry/elevenlabs-ui/ui/mic-selector.tsx(14,8): error TS2307: Cannot find module '@/registry/elevenlabs-ui/ui/dropdown-menu' or its corresponding type declarations.
__elevenlabs_ui/apps/www/registry/elevenlabs-ui/ui/mic-selector.tsx(15,30): error TS2307: Cannot find module '@/registry/elevenlabs-ui/ui/live-waveform' or its corresponding type declarations.
__elevenlabs_ui/apps/www/registry/elevenlabs-ui/ui/navigation-menu.tsx(2,42): error TS2307: Cannot find module '@radix-ui/react-navigation-menu' or its corresponding type declarations.
__elevenlabs_ui/apps/www/registry/elevenlabs-ui/ui/navigation-menu.tsx(6,20): error TS2307: Cannot find module '@/lib/utils' or its corresponding type declarations.
__elevenlabs_ui/apps/www/registry/elevenlabs-ui/ui/pagination.tsx(8,20): error TS2307: Cannot find module '@/lib/utils' or its corresponding type declarations.
__elevenlabs_ui/apps/www/registry/elevenlabs-ui/ui/pagination.tsx(9,40): error TS2307: Cannot find module '@/registry/elevenlabs-ui/ui/button' or its corresponding type declarations.
__elevenlabs_ui/apps/www/registry/elevenlabs-ui/ui/popover.tsx(4,35): error TS2307: Cannot find module '@radix-ui/react-popover' or its corresponding type declarations.
__elevenlabs_ui/apps/www/registry/elevenlabs-ui/ui/popover.tsx(6,20): error TS2307: Cannot find module '@/lib/utils' or its corresponding type declarations.
__elevenlabs_ui/apps/www/registry/elevenlabs-ui/ui/progress.tsx(4,36): error TS2307: Cannot find module '@radix-ui/react-progress' or its corresponding type declarations.
__elevenlabs_ui/apps/www/registry/elevenlabs-ui/ui/progress.tsx(6,20): error TS2307: Cannot find module '@/lib/utils' or its corresponding type declarations.
__elevenlabs_ui/apps/www/registry/elevenlabs-ui/ui/radio-group.tsx(4,38): error TS2307: Cannot find module '@radix-ui/react-radio-group' or its corresponding type declarations.
__elevenlabs_ui/apps/www/registry/elevenlabs-ui/ui/radio-group.tsx(7,20): error TS2307: Cannot find module '@/lib/utils' or its corresponding type declarations.
__elevenlabs_ui/apps/www/registry/elevenlabs-ui/ui/resizable.tsx(5,37): error TS2307: Cannot find module 'react-resizable-panels' or its corresponding type declarations.
__elevenlabs_ui/apps/www/registry/elevenlabs-ui/ui/resizable.tsx(7,20): error TS2307: Cannot find module '@/lib/utils' or its corresponding type declarations.
__elevenlabs_ui/apps/www/registry/elevenlabs-ui/ui/response.tsx(4,28): error TS2307: Cannot find module 'streamdown' or its corresponding type declarations.
__elevenlabs_ui/apps/www/registry/elevenlabs-ui/ui/response.tsx(6,20): error TS2307: Cannot find module '@/lib/utils' or its corresponding type declarations.
__elevenlabs_ui/apps/www/registry/elevenlabs-ui/ui/scroll-area.tsx(4,38): error TS2307: Cannot find module '@radix-ui/react-scroll-area' or its corresponding type declarations.
__elevenlabs_ui/apps/www/registry/elevenlabs-ui/ui/scroll-area.tsx(6,20): error TS2307: Cannot find module '@/lib/utils' or its corresponding type declarations.
__elevenlabs_ui/apps/www/registry/elevenlabs-ui/ui/scrub-bar.tsx(13,20): error TS2307: Cannot find module '@/lib/utils' or its corresponding type declarations.
__elevenlabs_ui/apps/www/registry/elevenlabs-ui/ui/scrub-bar.tsx(14,26): error TS2307: Cannot find module '@/registry/elevenlabs-ui/ui/progress' or its corresponding type declarations.
__elevenlabs_ui/apps/www/registry/elevenlabs-ui/ui/select.tsx(4,34): error TS2307: Cannot find module '@radix-ui/react-select' or its corresponding type declarations.
__elevenlabs_ui/apps/www/registry/elevenlabs-ui/ui/select.tsx(7,20): error TS2307: Cannot find module '@/lib/utils' or its corresponding type declarations.
__elevenlabs_ui/apps/www/registry/elevenlabs-ui/ui/separator.tsx(4,37): error TS2307: Cannot find module '@radix-ui/react-separator' or its corresponding type declarations.
__elevenlabs_ui/apps/www/registry/elevenlabs-ui/ui/separator.tsx(6,20): error TS2307: Cannot find module '@/lib/utils' or its corresponding type declarations.
__elevenlabs_ui/apps/www/registry/elevenlabs-ui/ui/sheet.tsx(7,20): error TS2307: Cannot find module '@/lib/utils' or its corresponding type declarations.
__elevenlabs_ui/apps/www/registry/elevenlabs-ui/ui/shimmering-text.tsx(6,20): error TS2307: Cannot find module '@/lib/utils' or its corresponding type declarations.
__elevenlabs_ui/apps/www/registry/elevenlabs-ui/ui/sidebar.tsx(8,29): error TS2307: Cannot find module '@/registry/elevenlabs-ui/hooks/use-mobile' or its corresponding type declarations.
__elevenlabs_ui/apps/www/registry/elevenlabs-ui/ui/sidebar.tsx(9,20): error TS2307: Cannot find module '@/registry/elevenlabs-ui/lib/utils' or its corresponding type declarations.
__elevenlabs_ui/apps/www/registry/elevenlabs-ui/ui/sidebar.tsx(10,24): error TS2307: Cannot find module '@/registry/elevenlabs-ui/ui/button' or its corresponding type declarations.
__elevenlabs_ui/apps/www/registry/elevenlabs-ui/ui/sidebar.tsx(11,23): error TS2307: Cannot find module '@/registry/elevenlabs-ui/ui/input' or its corresponding type declarations.
__elevenlabs_ui/apps/www/registry/elevenlabs-ui/ui/sidebar.tsx(12,27): error TS2307: Cannot find module '@/registry/elevenlabs-ui/ui/separator' or its corresponding type declarations.
__elevenlabs_ui/apps/www/registry/elevenlabs-ui/ui/sidebar.tsx(19,8): error TS2307: Cannot find module '@/registry/elevenlabs-ui/ui/sheet' or its corresponding type declarations.
__elevenlabs_ui/apps/www/registry/elevenlabs-ui/ui/sidebar.tsx(20,26): error TS2307: Cannot find module '@/registry/elevenlabs-ui/ui/skeleton' or its corresponding type declarations.
__elevenlabs_ui/apps/www/registry/elevenlabs-ui/ui/sidebar.tsx(26,8): error TS2307: Cannot find module '@/registry/elevenlabs-ui/ui/tooltip' or its corresponding type declarations.
__elevenlabs_ui/apps/www/registry/elevenlabs-ui/ui/skeleton.tsx(1,20): error TS2307: Cannot find module '@/lib/utils' or its corresponding type declarations.
__elevenlabs_ui/apps/www/registry/elevenlabs-ui/ui/slider.tsx(4,34): error TS2307: Cannot find module '@radix-ui/react-slider' or its corresponding type declarations.
__elevenlabs_ui/apps/www/registry/elevenlabs-ui/ui/slider.tsx(6,20): error TS2307: Cannot find module '@/lib/utils' or its corresponding type declarations.
__elevenlabs_ui/apps/www/registry/elevenlabs-ui/ui/sonner.tsx(3,26): error TS2307: Cannot find module 'next-themes' or its corresponding type declarations.
__elevenlabs_ui/apps/www/registry/elevenlabs-ui/ui/speech-input.tsx(8,20): error TS2307: Cannot find module '@/lib/utils' or its corresponding type declarations.
__elevenlabs_ui/apps/www/registry/elevenlabs-ui/ui/speech-input.tsx(13,8): error TS2307: Cannot find module '@/registry/elevenlabs-ui/hooks/use-scribe' or its corresponding type declarations.
__elevenlabs_ui/apps/www/registry/elevenlabs-ui/ui/speech-input.tsx(14,24): error TS2307: Cannot find module '@/registry/elevenlabs-ui/ui/button' or its corresponding type declarations.
__elevenlabs_ui/apps/www/registry/elevenlabs-ui/ui/speech-input.tsx(15,26): error TS2307: Cannot find module '@/registry/elevenlabs-ui/ui/skeleton' or its corresponding type declarations.
__elevenlabs_ui/apps/www/registry/elevenlabs-ui/ui/switch.tsx(4,34): error TS2307: Cannot find module '@radix-ui/react-switch' or its corresponding type declarations.
__elevenlabs_ui/apps/www/registry/elevenlabs-ui/ui/switch.tsx(6,20): error TS2307: Cannot find module '@/lib/utils' or its corresponding type declarations.
__elevenlabs_ui/apps/www/registry/elevenlabs-ui/ui/table.tsx(5,20): error TS2307: Cannot find module '@/lib/utils' or its corresponding type declarations.
__elevenlabs_ui/apps/www/registry/elevenlabs-ui/ui/tabs.tsx(4,32): error TS2307: Cannot find module '@radix-ui/react-tabs' or its corresponding type declarations.
__elevenlabs_ui/apps/www/registry/elevenlabs-ui/ui/tabs.tsx(6,20): error TS2307: Cannot find module '@/lib/utils' or its corresponding type declarations.
__elevenlabs_ui/apps/www/registry/elevenlabs-ui/ui/textarea.tsx(3,20): error TS2307: Cannot find module '@/lib/utils' or its corresponding type declarations.
__elevenlabs_ui/apps/www/registry/elevenlabs-ui/ui/toggle-group.tsx(4,39): error TS2307: Cannot find module '@radix-ui/react-toggle-group' or its corresponding type declarations.
__elevenlabs_ui/apps/www/registry/elevenlabs-ui/ui/toggle-group.tsx(7,20): error TS2307: Cannot find module '@/lib/utils' or its corresponding type declarations.
__elevenlabs_ui/apps/www/registry/elevenlabs-ui/ui/toggle-group.tsx(8,32): error TS2307: Cannot find module '@/registry/elevenlabs-ui/ui/toggle' or its corresponding type declarations.
__elevenlabs_ui/apps/www/registry/elevenlabs-ui/ui/toggle.tsx(4,34): error TS2307: Cannot find module '@radix-ui/react-toggle' or its corresponding type declarations.
__elevenlabs_ui/apps/www/registry/elevenlabs-ui/ui/toggle.tsx(7,20): error TS2307: Cannot find module '@/lib/utils' or its corresponding type declarations.
__elevenlabs_ui/apps/www/registry/elevenlabs-ui/ui/tooltip.tsx(6,20): error TS2307: Cannot find module '@/lib/utils' or its corresponding type declarations.
__elevenlabs_ui/apps/www/registry/elevenlabs-ui/ui/transcript-viewer.tsx(12,54): error TS2307: Cannot find module '@elevenlabs/elevenlabs-js/api/types/CharacterAlignmentResponseModel' or its corresponding type declarations.
__elevenlabs_ui/apps/www/registry/elevenlabs-ui/ui/transcript-viewer.tsx(15,20): error TS2307: Cannot find module '@/lib/utils' or its corresponding type declarations.
__elevenlabs_ui/apps/www/registry/elevenlabs-ui/ui/transcript-viewer.tsx(22,8): error TS2307: Cannot find module '@/registry/elevenlabs-ui/hooks/use-transcript-viewer' or its corresponding type declarations.
__elevenlabs_ui/apps/www/registry/elevenlabs-ui/ui/transcript-viewer.tsx(23,24): error TS2307: Cannot find module '@/registry/elevenlabs-ui/ui/button' or its corresponding type declarations.
__elevenlabs_ui/apps/www/registry/elevenlabs-ui/ui/transcript-viewer.tsx(30,8): error TS2307: Cannot find module '@/registry/elevenlabs-ui/ui/scrub-bar' or its corresponding type declarations.
__elevenlabs_ui/apps/www/registry/elevenlabs-ui/ui/voice-button.tsx(6,20): error TS2307: Cannot find module '@/lib/utils' or its corresponding type declarations.
__elevenlabs_ui/apps/www/registry/elevenlabs-ui/ui/voice-button.tsx(7,24): error TS2307: Cannot find module '@/registry/elevenlabs-ui/ui/button' or its corresponding type declarations.
__elevenlabs_ui/apps/www/registry/elevenlabs-ui/ui/voice-button.tsx(8,30): error TS2307: Cannot find module '@/registry/elevenlabs-ui/ui/live-waveform' or its corresponding type declarations.
__elevenlabs_ui/apps/www/registry/elevenlabs-ui/ui/voice-picker.tsx(4,33): error TS2307: Cannot find module '@elevenlabs/elevenlabs-js' or its corresponding type declarations.
__elevenlabs_ui/apps/www/registry/elevenlabs-ui/ui/voice-picker.tsx(7,20): error TS2307: Cannot find module '@/lib/utils' or its corresponding type declarations.
__elevenlabs_ui/apps/www/registry/elevenlabs-ui/ui/voice-picker.tsx(11,8): error TS2307: Cannot find module '@/registry/elevenlabs-ui/ui/audio-player' or its corresponding type declarations.
__elevenlabs_ui/apps/www/registry/elevenlabs-ui/ui/voice-picker.tsx(12,24): error TS2307: Cannot find module '@/registry/elevenlabs-ui/ui/button' or its corresponding type declarations.
__elevenlabs_ui/apps/www/registry/elevenlabs-ui/ui/voice-picker.tsx(20,8): error TS2307: Cannot find module '@/registry/elevenlabs-ui/ui/command' or its corresponding type declarations.
__elevenlabs_ui/apps/www/registry/elevenlabs-ui/ui/voice-picker.tsx(21,21): error TS2307: Cannot find module '@/registry/elevenlabs-ui/ui/orb' or its corresponding type declarations.
__elevenlabs_ui/apps/www/registry/elevenlabs-ui/ui/voice-picker.tsx(26,8): error TS2307: Cannot find module '@/registry/elevenlabs-ui/ui/popover' or its corresponding type declarations.
__elevenlabs_ui/apps/www/registry/elevenlabs-ui/ui/waveform.tsx(12,20): error TS2307: Cannot find module '@/lib/utils' or its corresponding type declarations.
__elevenlabs_ui/apps/www/registry/index.ts(1,51): error TS2307: Cannot find module 'shadcn/schema' or its corresponding type declarations.
__elevenlabs_ui/apps/www/registry/index.ts(2,19): error TS2307: Cannot find module 'zod' or its corresponding type declarations.
__elevenlabs_ui/apps/www/registry/index.ts(4,24): error TS2307: Cannot find module '@/registry/registry-blocks' or its corresponding type declarations.
__elevenlabs_ui/apps/www/registry/index.ts(5,26): error TS2307: Cannot find module '@/registry/registry-examples' or its corresponding type declarations.
__elevenlabs_ui/apps/www/registry/index.ts(6,23): error TS2307: Cannot find module '@/registry/registry-hooks' or its corresponding type declarations.
__elevenlabs_ui/apps/www/registry/index.ts(7,21): error TS2307: Cannot find module '@/registry/registry-lib' or its corresponding type declarations.
__elevenlabs_ui/apps/www/registry/index.ts(8,20): error TS2307: Cannot find module '@/registry/registry-ui' or its corresponding type declarations.
__elevenlabs_ui/apps/www/registry/registry-blocks.ts(1,31): error TS2307: Cannot find module 'shadcn/schema' or its corresponding type declarations.
__elevenlabs_ui/apps/www/registry/registry-examples.ts(1,31): error TS2307: Cannot find module 'shadcn/schema' or its corresponding type declarations.
__elevenlabs_ui/apps/www/registry/registry-hooks.ts(1,31): error TS2307: Cannot find module 'shadcn/schema' or its corresponding type declarations.
__elevenlabs_ui/apps/www/registry/registry-lib.ts(1,31): error TS2307: Cannot find module 'shadcn/schema' or its corresponding type declarations.
__elevenlabs_ui/apps/www/registry/registry-ui.ts(1,31): error TS2307: Cannot find module 'shadcn/schema' or its corresponding type declarations.
__elevenlabs_ui/apps/www/scripts/build-registry.mts(6,30): error TS2307: Cannot find module '@/lib/blocks' or its corresponding type declarations.
__elevenlabs_ui/apps/www/scripts/build-registry.mts(7,26): error TS2307: Cannot find module '@/registry/index' or its corresponding type declarations.
__elevenlabs_ui/apps/www/scripts/capture-registry.mts(3,23): error TS2307: Cannot find module 'puppeteer' or its corresponding type declarations.
__elevenlabs_ui/apps/www/scripts/validate-registries.mts(3,32): error TS2307: Cannot find module 'shadcn/schema' or its corresponding type declarations.
__elevenlabs_ui/apps/www/scripts/validate-registries.mts(4,19): error TS2307: Cannot find module 'zod' or its corresponding type declarations.
__elevenlabs_ui/apps/www/scripts/validate-registries.mts(22,27): error TS2339: Property 'replace' does not exist on type 'unknown'.
__elevenlabs_ui/apps/www/source.config.ts(5,8): error TS2307: Cannot find module 'fumadocs-mdx/config' or its corresponding type declarations.
__elevenlabs_ui/apps/www/source.config.ts(6,30): error TS2307: Cannot find module 'rehype-pretty-code' or its corresponding type declarations.
__elevenlabs_ui/apps/www/source.config.ts(7,19): error TS2307: Cannot find module 'zod' or its corresponding type declarations.
__elevenlabs_ui/apps/www/source.config.ts(9,30): error TS2307: Cannot find module '@/lib/highlight-code' or its corresponding type declarations.
__elevenlabs_ui/vitest.config.ts(1,27): error TS2307: Cannot find module 'vite-tsconfig-paths' or its corresponding type declarations.
__elevenlabs_ui/vitest.config.ts(2,46): error TS2307: Cannot find module 'vitest/config' or its corresponding type declarations.
__elevenlabs_ui/vitest.workspace.ts(1,33): error TS2307: Cannot find module 'vitest/config' or its corresponding type declarations.
src/App.tsx(503,20): error TS2304: Cannot find name 'ReactMarkdown'.
src/App.tsx(503,50): error TS2304: Cannot find name 'remarkGfm'.
src/App.tsx(505,21): error TS2304: Cannot find name 'ReactMarkdown'.
src/App.tsx(617,59): error TS2322: Type '{ authToken: string; rules: any; onRefresh: () => void; }' is not assignable to type 'IntrinsicAttributes & { authToken: string; rulesMarkdown: string; onRefresh: () => void; }'.
  Property 'rules' does not exist on type 'IntrinsicAttributes & { authToken: string; rulesMarkdown: string; onRefresh: () => void; }'.
src/App.tsx(617,66): error TS2304: Cannot find name 'rules'.
src/App.tsx(618,64): error TS2304: Cannot find name 'setRules'.
